#
# There is insufficient memory for the Java Runtime Environment to continue.
# Native memory allocation (malloc) failed to allocate 1667376 bytes for Chunk::new
# Possible reasons:
#   The system is out of physical RAM or swap space
#   The process is running with CompressedOops enabled, and the Java Heap may be blocking the growth of the native heap
# Possible solutions:
#   Reduce memory load on the system
#   Increase physical memory or swap space
#   Check if swap backing store is full
#   Decrease Java heap size (-Xmx/-Xms)
#   Decrease number of Java threads
#   Decrease Java thread stack sizes (-Xss)
#   Set larger code cache with -XX:ReservedCodeCacheSize=
#   JVM is running with Zero Based Compressed Oops mode in which the Java heap is
#     placed in the first 32GB address space. The Java Heap base address is the
#     maximum limit for the native heap growth. Please use -XX:HeapBaseMinAddress
#     to set the Java Heap base and to place the Java Heap above 32GB virtual address.
# This output file may be truncated or incomplete.
#
#  Out of Memory Error (./src/hotspot/share/memory/arena.cpp:197), pid=11496, tid=23316
#
# JRE version: OpenJDK Runtime Environment Corretto-11.0.12.7.1 (11.0.12+7) (build 11.0.12+7-LTS)
# Java VM: OpenJDK 64-Bit Server VM Corretto-11.0.12.7.1 (11.0.12+7-LTS, mixed mode, tiered, compressed oops, g1 gc, windows-amd64)
# No core dump will be written. Minidumps are not enabled by default on client versions of Windows
#

---------------  S U M M A R Y ------------

Command Line: -javaagent:D:\Programme(x86)\IntelliJ IDEA Community Edition 2021.2.3\lib\idea_rt.jar=63611:D:\Programme(x86)\IntelliJ IDEA Community Edition 2021.2.3\bin -Dfile.encoding=UTF-8 com.hshl.messagAPI.messageAPI.MessageApiApplication

Host: AMD Ryzen 9 3900X 12-Core Processor            , 24 cores, 15G,  Windows 10 , 64 bit Build 19041 (10.0.19041.1706)
Time: Wed Jun  1 19:52:53 2022 Mitteleuropäische Sommerzeit elapsed time: 3.456068 seconds (0d 0h 0m 3s)

---------------  T H R E A D  ---------------

Current thread (0x0000015c9be18800):  JavaThread "C2 CompilerThread0" daemon [_thread_in_native, id=23316, stack(0x00000033cc800000,0x00000033cc900000)]


Current CompileTask:
C2:   3456 4736       4       org.springframework.core.annotation.TypeMappedAnnotations$MergedAnnotationFinder::doWithAnnotations (75 bytes)

Stack: [0x00000033cc800000,0x00000033cc900000]
Native frames: (J=compiled Java code, j=interpreted, Vv=VM code, C=native code)
V  [jvm.dll+0x601d7a]
V  [jvm.dll+0x78b45e]
V  [jvm.dll+0x78cb2f]
V  [jvm.dll+0x78d1f3]
V  [jvm.dll+0x24bc58]
V  [jvm.dll+0xc219c]
V  [jvm.dll+0xc275c]
V  [jvm.dll+0x3548d7]
V  [jvm.dll+0x19db19]
V  [jvm.dll+0x205642]
V  [jvm.dll+0x20471d]
V  [jvm.dll+0x18990c]
V  [jvm.dll+0x213b57]
V  [jvm.dll+0x211d1b]
V  [jvm.dll+0x74f509]
V  [jvm.dll+0x748574]
V  [jvm.dll+0x600c16]
C  [ucrtbase.dll+0x21bb2]
C  [KERNEL32.DLL+0x17034]
C  [ntdll.dll+0x52651]


---------------  P R O C E S S  ---------------

Threads class SMR info:
_java_thread_list=0x0000015ca20085e0, length=38, elements={
0x0000015c9bdc1800, 0x0000015c9bdca800, 0x0000015c9bdb7800, 0x0000015c9bdb9800,
0x0000015c9bdbc000, 0x0000015c9be18800, 0x0000015c9b4a3000, 0x0000015c9b4a4000,
0x0000015c9bf74800, 0x0000015c9bf9f800, 0x0000015c9c3d6800, 0x0000015c9c697800,
0x0000015c9c5b9800, 0x0000015c9bfc4800, 0x0000015c9cd64000, 0x0000015c9f92f800,
0x0000015ca027d800, 0x0000015c9f92d800, 0x0000015c9f70e800, 0x0000015ca1ed4000,
0x0000015ca37fe800, 0x0000015ca58ec800, 0x0000015ca4f0b800, 0x0000015ca92b2800,
0x0000015ca89ed000, 0x0000015ca7cd3800, 0x0000015ca250b000, 0x0000015ca2459800,
0x0000015ca1e84000, 0x0000015ca1ed3000, 0x0000015ca6081000, 0x0000015ca2557000,
0x0000015ca2554800, 0x0000015ca2559000, 0x0000015ca2553000, 0x0000015ca2558000,
0x0000015ca2554000, 0x0000015ca2559800
}

Java Threads: ( => current thread )
  0x0000015c9bdc1800 JavaThread "Reference Handler" daemon [_thread_blocked, id=21688, stack(0x00000033cc300000,0x00000033cc400000)]
  0x0000015c9bdca800 JavaThread "Finalizer" daemon [_thread_blocked, id=23288, stack(0x00000033cc400000,0x00000033cc500000)]
  0x0000015c9bdb7800 JavaThread "Signal Dispatcher" daemon [_thread_blocked, id=23156, stack(0x00000033cc500000,0x00000033cc600000)]
  0x0000015c9bdb9800 JavaThread "Attach Listener" daemon [_thread_blocked, id=10764, stack(0x00000033cc600000,0x00000033cc700000)]
  0x0000015c9bdbc000 JavaThread "Service Thread" daemon [_thread_blocked, id=11764, stack(0x00000033cc700000,0x00000033cc800000)]
=>0x0000015c9be18800 JavaThread "C2 CompilerThread0" daemon [_thread_in_native, id=23316, stack(0x00000033cc800000,0x00000033cc900000)]
  0x0000015c9b4a3000 JavaThread "C1 CompilerThread0" daemon [_thread_blocked, id=21356, stack(0x00000033cc900000,0x00000033cca00000)]
  0x0000015c9b4a4000 JavaThread "Sweeper thread" daemon [_thread_blocked, id=11892, stack(0x00000033cca00000,0x00000033ccb00000)]
  0x0000015c9bf74800 JavaThread "Common-Cleaner" daemon [_thread_blocked, id=21448, stack(0x00000033ccb00000,0x00000033ccc00000)]
  0x0000015c9bf9f800 JavaThread "C1 CompilerThread1" daemon [_thread_blocked, id=23112, stack(0x00000033ccc00000,0x00000033ccd00000)]
  0x0000015c9c3d6800 JavaThread "Monitor Ctrl-Break" daemon [_thread_in_native, id=17708, stack(0x00000033cce00000,0x00000033ccf00000)]
  0x0000015c9c697800 JavaThread "C1 CompilerThread2" daemon [_thread_blocked, id=1976, stack(0x00000033cd000000,0x00000033cd100000)]
  0x0000015c9c5b9800 JavaThread "C1 CompilerThread3" daemon [_thread_blocked, id=9816, stack(0x00000033cd100000,0x00000033cd200000)]
  0x0000015c9bfc4800 JavaThread "C2 CompilerThread1" daemon [_thread_in_native, id=7220, stack(0x00000033ccd00000,0x00000033cce00000)]
  0x0000015c9cd64000 JavaThread "C2 CompilerThread2" daemon [_thread_in_native, id=22424, stack(0x00000033cd200000,0x00000033cd300000)]
  0x0000015c9f92f800 JavaThread "C2 CompilerThread3" daemon [_thread_in_native, id=17512, stack(0x00000033cd800000,0x00000033cd900000)]
  0x0000015ca027d800 JavaThread "Catalina-utility-1" [_thread_blocked, id=20568, stack(0x00000033cdd00000,0x00000033cde00000)]
  0x0000015c9f92d800 JavaThread "Catalina-utility-2" [_thread_blocked, id=21408, stack(0x00000033cde00000,0x00000033cdf00000)]
  0x0000015c9f70e800 JavaThread "container-0" [_thread_blocked, id=22804, stack(0x00000033cdf00000,0x00000033ce000000)]
  0x0000015ca1ed4000 JavaThread "C2 CompilerThread4" daemon [_thread_in_native, id=2576, stack(0x00000033ce000000,0x00000033ce100000)]
  0x0000015ca37fe800 JavaThread "HikariPool-1 housekeeper" daemon [_thread_blocked, id=21248, stack(0x00000033ce200000,0x00000033ce300000)]
  0x0000015ca58ec800 JavaThread "HikariPool-1 connection adder" daemon [_thread_blocked, id=19496, stack(0x00000033ce300000,0x00000033ce400000)]
  0x0000015ca4f0b800 JavaThread "C2 CompilerThread5" daemon [_thread_in_native, id=23128, stack(0x00000033ce400000,0x00000033ce500000)]
  0x0000015ca92b2800 JavaThread "C2 CompilerThread6" daemon [_thread_in_native, id=23464, stack(0x00000033ce700000,0x00000033ce800000)]
  0x0000015ca89ed000 JavaThread "C2 CompilerThread7" daemon [_thread_in_native, id=1804, stack(0x00000033ce800000,0x00000033ce900000)]
  0x0000015ca7cd3800 JavaThread "http-nio-192.168.178.56-8080-exec-1" daemon [_thread_blocked, id=13148, stack(0x00000033ce900000,0x00000033cea00000)]
  0x0000015ca250b000 JavaThread "http-nio-192.168.178.56-8080-exec-2" daemon [_thread_blocked, id=3500, stack(0x00000033cea00000,0x00000033ceb00000)]
  0x0000015ca2459800 JavaThread "http-nio-192.168.178.56-8080-exec-3" daemon [_thread_blocked, id=4264, stack(0x00000033ceb00000,0x00000033cec00000)]
  0x0000015ca1e84000 JavaThread "http-nio-192.168.178.56-8080-exec-4" daemon [_thread_blocked, id=23392, stack(0x00000033cec00000,0x00000033ced00000)]
  0x0000015ca1ed3000 JavaThread "http-nio-192.168.178.56-8080-exec-5" daemon [_thread_blocked, id=23484, stack(0x00000033ced00000,0x00000033cee00000)]
  0x0000015ca6081000 JavaThread "http-nio-192.168.178.56-8080-exec-6" daemon [_thread_blocked, id=19220, stack(0x00000033cee00000,0x00000033cef00000)]
  0x0000015ca2557000 JavaThread "http-nio-192.168.178.56-8080-exec-7" daemon [_thread_blocked, id=6508, stack(0x00000033cef00000,0x00000033cf000000)]
  0x0000015ca2554800 JavaThread "http-nio-192.168.178.56-8080-exec-8" daemon [_thread_blocked, id=21512, stack(0x00000033cf000000,0x00000033cf100000)]
  0x0000015ca2559000 JavaThread "http-nio-192.168.178.56-8080-exec-9" daemon [_thread_blocked, id=20896, stack(0x00000033cf100000,0x00000033cf200000)]
  0x0000015ca2553000 JavaThread "http-nio-192.168.178.56-8080-exec-10" daemon [_thread_blocked, id=21984, stack(0x00000033cf200000,0x00000033cf300000)]
  0x0000015ca2558000 JavaThread "http-nio-192.168.178.56-8080-Poller" daemon [_thread_in_native, id=22460, stack(0x00000033cf300000,0x00000033cf400000)]
  0x0000015ca2554000 JavaThread "http-nio-192.168.178.56-8080-Acceptor" daemon [_thread_in_native, id=16004, stack(0x00000033cf400000,0x00000033cf500000)]
  0x0000015ca2559800 JavaThread "DestroyJavaVM" [_thread_blocked, id=21828, stack(0x00000033cbc00000,0x00000033cbd00000)]

Other Threads:
  0x0000015c9b4a0800 VMThread "VM Thread" [stack: 0x00000033cc200000,0x00000033cc300000] [id=21856]
  0x0000015c9c518800 WatcherThread [stack: 0x00000033ccf00000,0x00000033cd000000] [id=11224]
  0x0000015cf40fc800 GCTaskThread "GC Thread#0" [stack: 0x00000033cbd00000,0x00000033cbe00000] [id=8476]
  0x0000015c9cf0e800 GCTaskThread "GC Thread#1" [stack: 0x00000033cd300000,0x00000033cd400000] [id=22800]
  0x0000015c9cf0f000 GCTaskThread "GC Thread#2" [stack: 0x00000033cd400000,0x00000033cd500000] [id=7436]
  0x0000015c9c8af000 GCTaskThread "GC Thread#3" [stack: 0x00000033cd500000,0x00000033cd600000] [id=21564]
  0x0000015c9c8b0000 GCTaskThread "GC Thread#4" [stack: 0x00000033cd600000,0x00000033cd700000] [id=20708]
  0x0000015c9c8ab000 GCTaskThread "GC Thread#5" [stack: 0x00000033cd700000,0x00000033cd800000] [id=11272]
  0x0000015ca1d29800 GCTaskThread "GC Thread#6" [stack: 0x00000033ce500000,0x00000033ce600000] [id=20932]
  0x0000015ca019e800 GCTaskThread "GC Thread#7" [stack: 0x00000033ce600000,0x00000033ce700000] [id=21532]
  0x0000015cf4159800 ConcurrentGCThread "G1 Main Marker" [stack: 0x00000033cbe00000,0x00000033cbf00000] [id=11772]
  0x0000015cf415d800 ConcurrentGCThread "G1 Conc#0" [stack: 0x00000033cbf00000,0x00000033cc000000] [id=22344]
  0x0000015c9c8eb800 ConcurrentGCThread "G1 Conc#1" [stack: 0x00000033cd900000,0x00000033cda00000] [id=9140]
  0x0000015c9ea43000 ConcurrentGCThread "G1 Conc#2" [stack: 0x00000033cda00000,0x00000033cdb00000] [id=19884]
  0x0000015c9ea43800 ConcurrentGCThread "G1 Conc#3" [stack: 0x00000033cdb00000,0x00000033cdc00000] [id=22732]
  0x0000015c9d0f9000 ConcurrentGCThread "G1 Conc#4" [stack: 0x00000033cdc00000,0x00000033cdd00000] [id=22764]
  0x0000015c9b3e3000 ConcurrentGCThread "G1 Refine#0" [stack: 0x00000033cc000000,0x00000033cc100000] [id=22740]
  0x0000015c9b3e4000 ConcurrentGCThread "G1 Young RemSet Sampling" [stack: 0x00000033cc100000,0x00000033cc200000] [id=17300]

Threads with active compile tasks:
C2 CompilerThread0   3476 4736       4       org.springframework.core.annotation.TypeMappedAnnotations$MergedAnnotationFinder::doWithAnnotations (75 bytes)
C2 CompilerThread1   3476 4647       4       org.springframework.core.annotation.TypeMappedAnnotations::scan (62 bytes)
C2 CompilerThread2   3476 4676       4       org.springframework.core.annotation.AnnotationsScanner::processMethod (116 bytes)
C2 CompilerThread3   3476 4677       4       org.springframework.core.annotation.AnnotationsScanner::processMethodAnnotations (98 bytes)
C2 CompilerThread4   3476 4759   !   4       org.springframework.core.annotation.AnnotationsScanner::processMethodHierarchy (276 bytes)
C2 CompilerThread5   3476 4639       4       org.springframework.core.annotation.TypeMappedAnnotations::get (52 bytes)
C2 CompilerThread6   3476 4758       4       org.springframework.core.annotation.AnnotationsScanner::process (43 bytes)
C2 CompilerThread7   3476 4778       4       org.springframework.core.annotation.AnnotationsScanner::processClass (113 bytes)

VM state:not at safepoint (normal execution)

VM Mutex/Monitor currently owned by a thread: None

Heap address: 0x0000000701200000, size: 4078 MB, Compressed Oops mode: Zero based, Oop shift amount: 3
Narrow klass base: 0x0000000800000000, Narrow klass shift: 0
Compressed class space size: 1073741824 Address: 0x0000000800000000

Heap:
 garbage-first heap   total 315392K, used 41417K [0x0000000701200000, 0x0000000800000000)
  region size 1024K, 36 young (36864K), 15 survivors (15360K)
 Metaspace       used 60152K, capacity 61775K, committed 61952K, reserved 1103872K
  class space    used 7725K, capacity 8387K, committed 8448K, reserved 1048576K
Heap Regions: E=young(eden), S=young(survivor), O=old, HS=humongous(starts), HC=humongous(continues), CS=collection set, F=free, A=archive, TAMS=top-at-mark-start (previous, next)
|   0|0x0000000701200000, 0x0000000701300000, 0x0000000701300000|100%|HS|  |TAMS 0x0000000701300000, 0x0000000701200000| Complete 
|   1|0x0000000701300000, 0x0000000701400000, 0x0000000701400000|100%| O|  |TAMS 0x0000000701400000, 0x0000000701300000| Untracked 
|   2|0x0000000701400000, 0x0000000701500000, 0x0000000701500000|100%| O|  |TAMS 0x0000000701500000, 0x0000000701400000| Untracked 
|   3|0x0000000701500000, 0x0000000701600000, 0x0000000701600000|100%| O|  |TAMS 0x0000000701600000, 0x0000000701500000| Untracked 
|   4|0x0000000701600000, 0x0000000701700000, 0x0000000701700000|100%| O|  |TAMS 0x0000000701700000, 0x0000000701600000| Untracked 
|   5|0x0000000701700000, 0x00000007017bde00, 0x0000000701800000| 74%| O|  |TAMS 0x00000007017bde00, 0x0000000701700000| Untracked 
|   6|0x0000000701800000, 0x0000000701800000, 0x0000000701900000|  0%| F|  |TAMS 0x0000000701800000, 0x0000000701800000| Untracked 
|   7|0x0000000701900000, 0x0000000701900000, 0x0000000701a00000|  0%| F|  |TAMS 0x0000000701900000, 0x0000000701900000| Untracked 
|   8|0x0000000701a00000, 0x0000000701a00000, 0x0000000701b00000|  0%| F|  |TAMS 0x0000000701a00000, 0x0000000701a00000| Untracked 
|   9|0x0000000701b00000, 0x0000000701b00000, 0x0000000701c00000|  0%| F|  |TAMS 0x0000000701b00000, 0x0000000701b00000| Untracked 
|  10|0x0000000701c00000, 0x0000000701c00000, 0x0000000701d00000|  0%| F|  |TAMS 0x0000000701c00000, 0x0000000701c00000| Untracked 
|  11|0x0000000701d00000, 0x0000000701d00000, 0x0000000701e00000|  0%| F|  |TAMS 0x0000000701d00000, 0x0000000701d00000| Untracked 
|  12|0x0000000701e00000, 0x0000000701e00000, 0x0000000701f00000|  0%| F|  |TAMS 0x0000000701e00000, 0x0000000701e00000| Untracked 
|  13|0x0000000701f00000, 0x0000000701f00000, 0x0000000702000000|  0%| F|  |TAMS 0x0000000701f00000, 0x0000000701f00000| Untracked 
|  14|0x0000000702000000, 0x0000000702000000, 0x0000000702100000|  0%| F|  |TAMS 0x0000000702000000, 0x0000000702000000| Untracked 
|  15|0x0000000702100000, 0x0000000702100000, 0x0000000702200000|  0%| F|  |TAMS 0x0000000702100000, 0x0000000702100000| Untracked 
|  16|0x0000000702200000, 0x0000000702200000, 0x0000000702300000|  0%| F|  |TAMS 0x0000000702200000, 0x0000000702200000| Untracked 
|  17|0x0000000702300000, 0x0000000702300000, 0x0000000702400000|  0%| F|  |TAMS 0x0000000702300000, 0x0000000702300000| Untracked 
|  18|0x0000000702400000, 0x0000000702400000, 0x0000000702500000|  0%| F|  |TAMS 0x0000000702400000, 0x0000000702400000| Untracked 
|  19|0x0000000702500000, 0x0000000702500000, 0x0000000702600000|  0%| F|  |TAMS 0x0000000702500000, 0x0000000702500000| Untracked 
|  20|0x0000000702600000, 0x0000000702600000, 0x0000000702700000|  0%| F|  |TAMS 0x0000000702600000, 0x0000000702600000| Untracked 
|  21|0x0000000702700000, 0x0000000702700000, 0x0000000702800000|  0%| F|  |TAMS 0x0000000702700000, 0x0000000702700000| Untracked 
|  22|0x0000000702800000, 0x0000000702800000, 0x0000000702900000|  0%| F|  |TAMS 0x0000000702800000, 0x0000000702800000| Untracked 
|  23|0x0000000702900000, 0x0000000702900000, 0x0000000702a00000|  0%| F|  |TAMS 0x0000000702900000, 0x0000000702900000| Untracked 
|  24|0x0000000702a00000, 0x0000000702a00000, 0x0000000702b00000|  0%| F|  |TAMS 0x0000000702a00000, 0x0000000702a00000| Untracked 
|  25|0x0000000702b00000, 0x0000000702b00000, 0x0000000702c00000|  0%| F|  |TAMS 0x0000000702b00000, 0x0000000702b00000| Untracked 
|  26|0x0000000702c00000, 0x0000000702c00000, 0x0000000702d00000|  0%| F|  |TAMS 0x0000000702c00000, 0x0000000702c00000| Untracked 
|  27|0x0000000702d00000, 0x0000000702d00000, 0x0000000702e00000|  0%| F|  |TAMS 0x0000000702d00000, 0x0000000702d00000| Untracked 
|  28|0x0000000702e00000, 0x0000000702e00000, 0x0000000702f00000|  0%| F|  |TAMS 0x0000000702e00000, 0x0000000702e00000| Untracked 
|  29|0x0000000702f00000, 0x0000000702f00000, 0x0000000703000000|  0%| F|  |TAMS 0x0000000702f00000, 0x0000000702f00000| Untracked 
|  30|0x0000000703000000, 0x0000000703000000, 0x0000000703100000|  0%| F|  |TAMS 0x0000000703000000, 0x0000000703000000| Untracked 
|  31|0x0000000703100000, 0x0000000703100000, 0x0000000703200000|  0%| F|  |TAMS 0x0000000703100000, 0x0000000703100000| Untracked 
|  32|0x0000000703200000, 0x0000000703200000, 0x0000000703300000|  0%| F|  |TAMS 0x0000000703200000, 0x0000000703200000| Untracked 
|  33|0x0000000703300000, 0x0000000703300000, 0x0000000703400000|  0%| F|  |TAMS 0x0000000703300000, 0x0000000703300000| Untracked 
|  34|0x0000000703400000, 0x0000000703400000, 0x0000000703500000|  0%| F|  |TAMS 0x0000000703400000, 0x0000000703400000| Untracked 
|  35|0x0000000703500000, 0x0000000703500000, 0x0000000703600000|  0%| F|  |TAMS 0x0000000703500000, 0x0000000703500000| Untracked 
|  36|0x0000000703600000, 0x0000000703600000, 0x0000000703700000|  0%| F|  |TAMS 0x0000000703600000, 0x0000000703600000| Untracked 
|  37|0x0000000703700000, 0x0000000703700000, 0x0000000703800000|  0%| F|  |TAMS 0x0000000703700000, 0x0000000703700000| Untracked 
|  38|0x0000000703800000, 0x0000000703800000, 0x0000000703900000|  0%| F|  |TAMS 0x0000000703800000, 0x0000000703800000| Untracked 
|  39|0x0000000703900000, 0x0000000703900000, 0x0000000703a00000|  0%| F|  |TAMS 0x0000000703900000, 0x0000000703900000| Untracked 
|  40|0x0000000703a00000, 0x0000000703a00000, 0x0000000703b00000|  0%| F|  |TAMS 0x0000000703a00000, 0x0000000703a00000| Untracked 
|  41|0x0000000703b00000, 0x0000000703b00000, 0x0000000703c00000|  0%| F|  |TAMS 0x0000000703b00000, 0x0000000703b00000| Untracked 
|  42|0x0000000703c00000, 0x0000000703c00000, 0x0000000703d00000|  0%| F|  |TAMS 0x0000000703c00000, 0x0000000703c00000| Untracked 
|  43|0x0000000703d00000, 0x0000000703d00000, 0x0000000703e00000|  0%| F|  |TAMS 0x0000000703d00000, 0x0000000703d00000| Untracked 
|  44|0x0000000703e00000, 0x0000000703e00000, 0x0000000703f00000|  0%| F|  |TAMS 0x0000000703e00000, 0x0000000703e00000| Untracked 
|  45|0x0000000703f00000, 0x0000000703f00000, 0x0000000704000000|  0%| F|  |TAMS 0x0000000703f00000, 0x0000000703f00000| Untracked 
|  46|0x0000000704000000, 0x0000000704000000, 0x0000000704100000|  0%| F|  |TAMS 0x0000000704000000, 0x0000000704000000| Untracked 
|  47|0x0000000704100000, 0x0000000704100000, 0x0000000704200000|  0%| F|  |TAMS 0x0000000704100000, 0x0000000704100000| Untracked 
|  48|0x0000000704200000, 0x0000000704200000, 0x0000000704300000|  0%| F|  |TAMS 0x0000000704200000, 0x0000000704200000| Untracked 
|  49|0x0000000704300000, 0x0000000704300000, 0x0000000704400000|  0%| F|  |TAMS 0x0000000704300000, 0x0000000704300000| Untracked 
|  50|0x0000000704400000, 0x0000000704400000, 0x0000000704500000|  0%| F|  |TAMS 0x0000000704400000, 0x0000000704400000| Untracked 
|  51|0x0000000704500000, 0x0000000704500000, 0x0000000704600000|  0%| F|  |TAMS 0x0000000704500000, 0x0000000704500000| Untracked 
|  52|0x0000000704600000, 0x0000000704600000, 0x0000000704700000|  0%| F|  |TAMS 0x0000000704600000, 0x0000000704600000| Untracked 
|  53|0x0000000704700000, 0x0000000704700000, 0x0000000704800000|  0%| F|  |TAMS 0x0000000704700000, 0x0000000704700000| Untracked 
|  54|0x0000000704800000, 0x0000000704800000, 0x0000000704900000|  0%| F|  |TAMS 0x0000000704800000, 0x0000000704800000| Untracked 
|  55|0x0000000704900000, 0x0000000704900000, 0x0000000704a00000|  0%| F|  |TAMS 0x0000000704900000, 0x0000000704900000| Untracked 
|  56|0x0000000704a00000, 0x0000000704a00000, 0x0000000704b00000|  0%| F|  |TAMS 0x0000000704a00000, 0x0000000704a00000| Untracked 
|  57|0x0000000704b00000, 0x0000000704b00000, 0x0000000704c00000|  0%| F|  |TAMS 0x0000000704b00000, 0x0000000704b00000| Untracked 
|  58|0x0000000704c00000, 0x0000000704c00000, 0x0000000704d00000|  0%| F|  |TAMS 0x0000000704c00000, 0x0000000704c00000| Untracked 
|  59|0x0000000704d00000, 0x0000000704d00000, 0x0000000704e00000|  0%| F|  |TAMS 0x0000000704d00000, 0x0000000704d00000| Untracked 
|  60|0x0000000704e00000, 0x0000000704e00000, 0x0000000704f00000|  0%| F|  |TAMS 0x0000000704e00000, 0x0000000704e00000| Untracked 
|  61|0x0000000704f00000, 0x0000000704f00000, 0x0000000705000000|  0%| F|  |TAMS 0x0000000704f00000, 0x0000000704f00000| Untracked 
|  62|0x0000000705000000, 0x0000000705000000, 0x0000000705100000|  0%| F|  |TAMS 0x0000000705000000, 0x0000000705000000| Untracked 
|  63|0x0000000705100000, 0x0000000705100000, 0x0000000705200000|  0%| F|  |TAMS 0x0000000705100000, 0x0000000705100000| Untracked 
|  64|0x0000000705200000, 0x0000000705200000, 0x0000000705300000|  0%| F|  |TAMS 0x0000000705200000, 0x0000000705200000| Untracked 
|  65|0x0000000705300000, 0x0000000705300000, 0x0000000705400000|  0%| F|  |TAMS 0x0000000705300000, 0x0000000705300000| Untracked 
|  66|0x0000000705400000, 0x0000000705400000, 0x0000000705500000|  0%| F|  |TAMS 0x0000000705400000, 0x0000000705400000| Untracked 
|  67|0x0000000705500000, 0x0000000705500000, 0x0000000705600000|  0%| F|  |TAMS 0x0000000705500000, 0x0000000705500000| Untracked 
|  68|0x0000000705600000, 0x0000000705600000, 0x0000000705700000|  0%| F|  |TAMS 0x0000000705600000, 0x0000000705600000| Untracked 
|  69|0x0000000705700000, 0x0000000705700000, 0x0000000705800000|  0%| F|  |TAMS 0x0000000705700000, 0x0000000705700000| Untracked 
|  70|0x0000000705800000, 0x0000000705800000, 0x0000000705900000|  0%| F|  |TAMS 0x0000000705800000, 0x0000000705800000| Untracked 
|  71|0x0000000705900000, 0x0000000705900000, 0x0000000705a00000|  0%| F|  |TAMS 0x0000000705900000, 0x0000000705900000| Untracked 
|  72|0x0000000705a00000, 0x0000000705a00000, 0x0000000705b00000|  0%| F|  |TAMS 0x0000000705a00000, 0x0000000705a00000| Untracked 
|  73|0x0000000705b00000, 0x0000000705b00000, 0x0000000705c00000|  0%| F|  |TAMS 0x0000000705b00000, 0x0000000705b00000| Untracked 
|  74|0x0000000705c00000, 0x0000000705c00000, 0x0000000705d00000|  0%| F|  |TAMS 0x0000000705c00000, 0x0000000705c00000| Untracked 
|  75|0x0000000705d00000, 0x0000000705d00000, 0x0000000705e00000|  0%| F|  |TAMS 0x0000000705d00000, 0x0000000705d00000| Untracked 
|  76|0x0000000705e00000, 0x0000000705e00000, 0x0000000705f00000|  0%| F|  |TAMS 0x0000000705e00000, 0x0000000705e00000| Untracked 
|  77|0x0000000705f00000, 0x0000000705f00000, 0x0000000706000000|  0%| F|  |TAMS 0x0000000705f00000, 0x0000000705f00000| Untracked 
|  78|0x0000000706000000, 0x0000000706000000, 0x0000000706100000|  0%| F|  |TAMS 0x0000000706000000, 0x0000000706000000| Untracked 
|  79|0x0000000706100000, 0x0000000706100000, 0x0000000706200000|  0%| F|  |TAMS 0x0000000706100000, 0x0000000706100000| Untracked 
|  80|0x0000000706200000, 0x0000000706200000, 0x0000000706300000|  0%| F|  |TAMS 0x0000000706200000, 0x0000000706200000| Untracked 
|  81|0x0000000706300000, 0x0000000706300000, 0x0000000706400000|  0%| F|  |TAMS 0x0000000706300000, 0x0000000706300000| Untracked 
|  82|0x0000000706400000, 0x0000000706400000, 0x0000000706500000|  0%| F|  |TAMS 0x0000000706400000, 0x0000000706400000| Untracked 
|  83|0x0000000706500000, 0x0000000706500000, 0x0000000706600000|  0%| F|  |TAMS 0x0000000706500000, 0x0000000706500000| Untracked 
|  84|0x0000000706600000, 0x0000000706600000, 0x0000000706700000|  0%| F|  |TAMS 0x0000000706600000, 0x0000000706600000| Untracked 
|  85|0x0000000706700000, 0x0000000706700000, 0x0000000706800000|  0%| F|  |TAMS 0x0000000706700000, 0x0000000706700000| Untracked 
|  86|0x0000000706800000, 0x0000000706800000, 0x0000000706900000|  0%| F|  |TAMS 0x0000000706800000, 0x0000000706800000| Untracked 
|  87|0x0000000706900000, 0x0000000706900000, 0x0000000706a00000|  0%| F|  |TAMS 0x0000000706900000, 0x0000000706900000| Untracked 
|  88|0x0000000706a00000, 0x0000000706a00000, 0x0000000706b00000|  0%| F|  |TAMS 0x0000000706a00000, 0x0000000706a00000| Untracked 
|  89|0x0000000706b00000, 0x0000000706b00000, 0x0000000706c00000|  0%| F|  |TAMS 0x0000000706b00000, 0x0000000706b00000| Untracked 
|  90|0x0000000706c00000, 0x0000000706c00000, 0x0000000706d00000|  0%| F|  |TAMS 0x0000000706c00000, 0x0000000706c00000| Untracked 
|  91|0x0000000706d00000, 0x0000000706d00000, 0x0000000706e00000|  0%| F|  |TAMS 0x0000000706d00000, 0x0000000706d00000| Untracked 
|  92|0x0000000706e00000, 0x0000000706e00000, 0x0000000706f00000|  0%| F|  |TAMS 0x0000000706e00000, 0x0000000706e00000| Untracked 
|  93|0x0000000706f00000, 0x0000000706f00000, 0x0000000707000000|  0%| F|  |TAMS 0x0000000706f00000, 0x0000000706f00000| Untracked 
|  94|0x0000000707000000, 0x0000000707000000, 0x0000000707100000|  0%| F|  |TAMS 0x0000000707000000, 0x0000000707000000| Untracked 
|  95|0x0000000707100000, 0x0000000707100000, 0x0000000707200000|  0%| F|  |TAMS 0x0000000707100000, 0x0000000707100000| Untracked 
|  96|0x0000000707200000, 0x0000000707200000, 0x0000000707300000|  0%| F|  |TAMS 0x0000000707200000, 0x0000000707200000| Untracked 
|  97|0x0000000707300000, 0x0000000707300000, 0x0000000707400000|  0%| F|  |TAMS 0x0000000707300000, 0x0000000707300000| Untracked 
|  98|0x0000000707400000, 0x0000000707400000, 0x0000000707500000|  0%| F|  |TAMS 0x0000000707400000, 0x0000000707400000| Untracked 
|  99|0x0000000707500000, 0x0000000707500000, 0x0000000707600000|  0%| F|  |TAMS 0x0000000707500000, 0x0000000707500000| Untracked 
| 100|0x0000000707600000, 0x0000000707600000, 0x0000000707700000|  0%| F|  |TAMS 0x0000000707600000, 0x0000000707600000| Untracked 
| 101|0x0000000707700000, 0x0000000707700000, 0x0000000707800000|  0%| F|  |TAMS 0x0000000707700000, 0x0000000707700000| Untracked 
| 102|0x0000000707800000, 0x0000000707800000, 0x0000000707900000|  0%| F|  |TAMS 0x0000000707800000, 0x0000000707800000| Untracked 
| 103|0x0000000707900000, 0x0000000707900000, 0x0000000707a00000|  0%| F|  |TAMS 0x0000000707900000, 0x0000000707900000| Untracked 
| 104|0x0000000707a00000, 0x0000000707a00000, 0x0000000707b00000|  0%| F|  |TAMS 0x0000000707a00000, 0x0000000707a00000| Untracked 
| 105|0x0000000707b00000, 0x0000000707b00000, 0x0000000707c00000|  0%| F|  |TAMS 0x0000000707b00000, 0x0000000707b00000| Untracked 
| 106|0x0000000707c00000, 0x0000000707c00000, 0x0000000707d00000|  0%| F|  |TAMS 0x0000000707c00000, 0x0000000707c00000| Untracked 
| 107|0x0000000707d00000, 0x0000000707d00000, 0x0000000707e00000|  0%| F|  |TAMS 0x0000000707d00000, 0x0000000707d00000| Untracked 
| 108|0x0000000707e00000, 0x0000000707e00000, 0x0000000707f00000|  0%| F|  |TAMS 0x0000000707e00000, 0x0000000707e00000| Untracked 
| 109|0x0000000707f00000, 0x0000000707f00000, 0x0000000708000000|  0%| F|  |TAMS 0x0000000707f00000, 0x0000000707f00000| Untracked 
| 110|0x0000000708000000, 0x0000000708000000, 0x0000000708100000|  0%| F|  |TAMS 0x0000000708000000, 0x0000000708000000| Untracked 
| 111|0x0000000708100000, 0x0000000708100000, 0x0000000708200000|  0%| F|  |TAMS 0x0000000708100000, 0x0000000708100000| Untracked 
| 112|0x0000000708200000, 0x0000000708200000, 0x0000000708300000|  0%| F|  |TAMS 0x0000000708200000, 0x0000000708200000| Untracked 
| 113|0x0000000708300000, 0x0000000708300000, 0x0000000708400000|  0%| F|  |TAMS 0x0000000708300000, 0x0000000708300000| Untracked 
| 114|0x0000000708400000, 0x0000000708400000, 0x0000000708500000|  0%| F|  |TAMS 0x0000000708400000, 0x0000000708400000| Untracked 
| 115|0x0000000708500000, 0x0000000708500000, 0x0000000708600000|  0%| F|  |TAMS 0x0000000708500000, 0x0000000708500000| Untracked 
| 116|0x0000000708600000, 0x0000000708600000, 0x0000000708700000|  0%| F|  |TAMS 0x0000000708600000, 0x0000000708600000| Untracked 
| 117|0x0000000708700000, 0x0000000708700000, 0x0000000708800000|  0%| F|  |TAMS 0x0000000708700000, 0x0000000708700000| Untracked 
| 118|0x0000000708800000, 0x0000000708800000, 0x0000000708900000|  0%| F|  |TAMS 0x0000000708800000, 0x0000000708800000| Untracked 
| 119|0x0000000708900000, 0x0000000708900000, 0x0000000708a00000|  0%| F|  |TAMS 0x0000000708900000, 0x0000000708900000| Untracked 
| 120|0x0000000708a00000, 0x0000000708a00000, 0x0000000708b00000|  0%| F|  |TAMS 0x0000000708a00000, 0x0000000708a00000| Untracked 
| 121|0x0000000708b00000, 0x0000000708b00000, 0x0000000708c00000|  0%| F|  |TAMS 0x0000000708b00000, 0x0000000708b00000| Untracked 
| 122|0x0000000708c00000, 0x0000000708c00000, 0x0000000708d00000|  0%| F|  |TAMS 0x0000000708c00000, 0x0000000708c00000| Untracked 
| 123|0x0000000708d00000, 0x0000000708d00000, 0x0000000708e00000|  0%| F|  |TAMS 0x0000000708d00000, 0x0000000708d00000| Untracked 
| 124|0x0000000708e00000, 0x0000000708e00000, 0x0000000708f00000|  0%| F|  |TAMS 0x0000000708e00000, 0x0000000708e00000| Untracked 
| 125|0x0000000708f00000, 0x0000000708f00000, 0x0000000709000000|  0%| F|  |TAMS 0x0000000708f00000, 0x0000000708f00000| Untracked 
| 126|0x0000000709000000, 0x0000000709000000, 0x0000000709100000|  0%| F|  |TAMS 0x0000000709000000, 0x0000000709000000| Untracked 
| 127|0x0000000709100000, 0x0000000709100000, 0x0000000709200000|  0%| F|  |TAMS 0x0000000709100000, 0x0000000709100000| Untracked 
| 128|0x0000000709200000, 0x0000000709200000, 0x0000000709300000|  0%| F|  |TAMS 0x0000000709200000, 0x0000000709200000| Untracked 
| 129|0x0000000709300000, 0x0000000709300000, 0x0000000709400000|  0%| F|  |TAMS 0x0000000709300000, 0x0000000709300000| Untracked 
| 130|0x0000000709400000, 0x0000000709400000, 0x0000000709500000|  0%| F|  |TAMS 0x0000000709400000, 0x0000000709400000| Untracked 
| 131|0x0000000709500000, 0x0000000709500000, 0x0000000709600000|  0%| F|  |TAMS 0x0000000709500000, 0x0000000709500000| Untracked 
| 132|0x0000000709600000, 0x0000000709600000, 0x0000000709700000|  0%| F|  |TAMS 0x0000000709600000, 0x0000000709600000| Untracked 
| 133|0x0000000709700000, 0x0000000709700000, 0x0000000709800000|  0%| F|  |TAMS 0x0000000709700000, 0x0000000709700000| Untracked 
| 134|0x0000000709800000, 0x0000000709800000, 0x0000000709900000|  0%| F|  |TAMS 0x0000000709800000, 0x0000000709800000| Untracked 
| 135|0x0000000709900000, 0x0000000709900000, 0x0000000709a00000|  0%| F|  |TAMS 0x0000000709900000, 0x0000000709900000| Untracked 
| 136|0x0000000709a00000, 0x0000000709a00000, 0x0000000709b00000|  0%| F|  |TAMS 0x0000000709a00000, 0x0000000709a00000| Untracked 
| 137|0x0000000709b00000, 0x0000000709b00000, 0x0000000709c00000|  0%| F|  |TAMS 0x0000000709b00000, 0x0000000709b00000| Untracked 
| 138|0x0000000709c00000, 0x0000000709c00000, 0x0000000709d00000|  0%| F|  |TAMS 0x0000000709c00000, 0x0000000709c00000| Untracked 
| 139|0x0000000709d00000, 0x0000000709d00000, 0x0000000709e00000|  0%| F|  |TAMS 0x0000000709d00000, 0x0000000709d00000| Untracked 
| 140|0x0000000709e00000, 0x0000000709e00000, 0x0000000709f00000|  0%| F|  |TAMS 0x0000000709e00000, 0x0000000709e00000| Untracked 
| 141|0x0000000709f00000, 0x0000000709f00000, 0x000000070a000000|  0%| F|  |TAMS 0x0000000709f00000, 0x0000000709f00000| Untracked 
| 142|0x000000070a000000, 0x000000070a000000, 0x000000070a100000|  0%| F|  |TAMS 0x000000070a000000, 0x000000070a000000| Untracked 
| 143|0x000000070a100000, 0x000000070a100000, 0x000000070a200000|  0%| F|  |TAMS 0x000000070a100000, 0x000000070a100000| Untracked 
| 144|0x000000070a200000, 0x000000070a200000, 0x000000070a300000|  0%| F|  |TAMS 0x000000070a200000, 0x000000070a200000| Untracked 
| 145|0x000000070a300000, 0x000000070a300000, 0x000000070a400000|  0%| F|  |TAMS 0x000000070a300000, 0x000000070a300000| Untracked 
| 146|0x000000070a400000, 0x000000070a400000, 0x000000070a500000|  0%| F|  |TAMS 0x000000070a400000, 0x000000070a400000| Untracked 
| 147|0x000000070a500000, 0x000000070a500000, 0x000000070a600000|  0%| F|  |TAMS 0x000000070a500000, 0x000000070a500000| Untracked 
| 148|0x000000070a600000, 0x000000070a600000, 0x000000070a700000|  0%| F|  |TAMS 0x000000070a600000, 0x000000070a600000| Untracked 
| 149|0x000000070a700000, 0x000000070a700000, 0x000000070a800000|  0%| F|  |TAMS 0x000000070a700000, 0x000000070a700000| Untracked 
| 150|0x000000070a800000, 0x000000070a800000, 0x000000070a900000|  0%| F|  |TAMS 0x000000070a800000, 0x000000070a800000| Untracked 
| 151|0x000000070a900000, 0x000000070a900000, 0x000000070aa00000|  0%| F|  |TAMS 0x000000070a900000, 0x000000070a900000| Untracked 
| 152|0x000000070aa00000, 0x000000070aa00000, 0x000000070ab00000|  0%| F|  |TAMS 0x000000070aa00000, 0x000000070aa00000| Untracked 
| 153|0x000000070ab00000, 0x000000070ab00000, 0x000000070ac00000|  0%| F|  |TAMS 0x000000070ab00000, 0x000000070ab00000| Untracked 
| 154|0x000000070ac00000, 0x000000070ac00000, 0x000000070ad00000|  0%| F|  |TAMS 0x000000070ac00000, 0x000000070ac00000| Untracked 
| 155|0x000000070ad00000, 0x000000070ad00000, 0x000000070ae00000|  0%| F|  |TAMS 0x000000070ad00000, 0x000000070ad00000| Untracked 
| 156|0x000000070ae00000, 0x000000070ae00000, 0x000000070af00000|  0%| F|  |TAMS 0x000000070ae00000, 0x000000070ae00000| Untracked 
| 157|0x000000070af00000, 0x000000070af00000, 0x000000070b000000|  0%| F|  |TAMS 0x000000070af00000, 0x000000070af00000| Untracked 
| 158|0x000000070b000000, 0x000000070b000000, 0x000000070b100000|  0%| F|  |TAMS 0x000000070b000000, 0x000000070b000000| Untracked 
| 159|0x000000070b100000, 0x000000070b100000, 0x000000070b200000|  0%| F|  |TAMS 0x000000070b100000, 0x000000070b100000| Untracked 
| 160|0x000000070b200000, 0x000000070b200000, 0x000000070b300000|  0%| F|  |TAMS 0x000000070b200000, 0x000000070b200000| Untracked 
| 161|0x000000070b300000, 0x000000070b300000, 0x000000070b400000|  0%| F|  |TAMS 0x000000070b300000, 0x000000070b300000| Untracked 
| 162|0x000000070b400000, 0x000000070b400000, 0x000000070b500000|  0%| F|  |TAMS 0x000000070b400000, 0x000000070b400000| Untracked 
| 163|0x000000070b500000, 0x000000070b500000, 0x000000070b600000|  0%| F|  |TAMS 0x000000070b500000, 0x000000070b500000| Untracked 
| 164|0x000000070b600000, 0x000000070b600000, 0x000000070b700000|  0%| F|  |TAMS 0x000000070b600000, 0x000000070b600000| Untracked 
| 165|0x000000070b700000, 0x000000070b700000, 0x000000070b800000|  0%| F|  |TAMS 0x000000070b700000, 0x000000070b700000| Untracked 
| 166|0x000000070b800000, 0x000000070b800000, 0x000000070b900000|  0%| F|  |TAMS 0x000000070b800000, 0x000000070b800000| Untracked 
| 167|0x000000070b900000, 0x000000070b900000, 0x000000070ba00000|  0%| F|  |TAMS 0x000000070b900000, 0x000000070b900000| Untracked 
| 168|0x000000070ba00000, 0x000000070ba00000, 0x000000070bb00000|  0%| F|  |TAMS 0x000000070ba00000, 0x000000070ba00000| Untracked 
| 169|0x000000070bb00000, 0x000000070bb00000, 0x000000070bc00000|  0%| F|  |TAMS 0x000000070bb00000, 0x000000070bb00000| Untracked 
| 170|0x000000070bc00000, 0x000000070bc00000, 0x000000070bd00000|  0%| F|  |TAMS 0x000000070bc00000, 0x000000070bc00000| Untracked 
| 171|0x000000070bd00000, 0x000000070bd00000, 0x000000070be00000|  0%| F|  |TAMS 0x000000070bd00000, 0x000000070bd00000| Untracked 
| 172|0x000000070be00000, 0x000000070be00000, 0x000000070bf00000|  0%| F|  |TAMS 0x000000070be00000, 0x000000070be00000| Untracked 
| 173|0x000000070bf00000, 0x000000070bf00000, 0x000000070c000000|  0%| F|  |TAMS 0x000000070bf00000, 0x000000070bf00000| Untracked 
| 174|0x000000070c000000, 0x000000070c000000, 0x000000070c100000|  0%| F|  |TAMS 0x000000070c000000, 0x000000070c000000| Untracked 
| 175|0x000000070c100000, 0x000000070c100000, 0x000000070c200000|  0%| F|  |TAMS 0x000000070c100000, 0x000000070c100000| Untracked 
| 176|0x000000070c200000, 0x000000070c200000, 0x000000070c300000|  0%| F|  |TAMS 0x000000070c200000, 0x000000070c200000| Untracked 
| 177|0x000000070c300000, 0x000000070c300000, 0x000000070c400000|  0%| F|  |TAMS 0x000000070c300000, 0x000000070c300000| Untracked 
| 178|0x000000070c400000, 0x000000070c400000, 0x000000070c500000|  0%| F|  |TAMS 0x000000070c400000, 0x000000070c400000| Untracked 
| 179|0x000000070c500000, 0x000000070c500000, 0x000000070c600000|  0%| F|  |TAMS 0x000000070c500000, 0x000000070c500000| Untracked 
| 180|0x000000070c600000, 0x000000070c600000, 0x000000070c700000|  0%| F|  |TAMS 0x000000070c600000, 0x000000070c600000| Untracked 
| 181|0x000000070c700000, 0x000000070c700000, 0x000000070c800000|  0%| F|  |TAMS 0x000000070c700000, 0x000000070c700000| Untracked 
| 182|0x000000070c800000, 0x000000070c800000, 0x000000070c900000|  0%| F|  |TAMS 0x000000070c800000, 0x000000070c800000| Untracked 
| 183|0x000000070c900000, 0x000000070c900000, 0x000000070ca00000|  0%| F|  |TAMS 0x000000070c900000, 0x000000070c900000| Untracked 
| 184|0x000000070ca00000, 0x000000070ca00000, 0x000000070cb00000|  0%| F|  |TAMS 0x000000070ca00000, 0x000000070ca00000| Untracked 
| 185|0x000000070cb00000, 0x000000070cb00000, 0x000000070cc00000|  0%| F|  |TAMS 0x000000070cb00000, 0x000000070cb00000| Untracked 
| 186|0x000000070cc00000, 0x000000070cc00000, 0x000000070cd00000|  0%| F|  |TAMS 0x000000070cc00000, 0x000000070cc00000| Untracked 
| 187|0x000000070cd00000, 0x000000070cd00000, 0x000000070ce00000|  0%| F|  |TAMS 0x000000070cd00000, 0x000000070cd00000| Untracked 
| 188|0x000000070ce00000, 0x000000070ce00000, 0x000000070cf00000|  0%| F|  |TAMS 0x000000070ce00000, 0x000000070ce00000| Untracked 
| 189|0x000000070cf00000, 0x000000070cf00000, 0x000000070d000000|  0%| F|  |TAMS 0x000000070cf00000, 0x000000070cf00000| Untracked 
| 190|0x000000070d000000, 0x000000070d000000, 0x000000070d100000|  0%| F|  |TAMS 0x000000070d000000, 0x000000070d000000| Untracked 
| 191|0x000000070d100000, 0x000000070d100000, 0x000000070d200000|  0%| F|  |TAMS 0x000000070d100000, 0x000000070d100000| Untracked 
| 192|0x000000070d200000, 0x000000070d200000, 0x000000070d300000|  0%| F|  |TAMS 0x000000070d200000, 0x000000070d200000| Untracked 
| 193|0x000000070d300000, 0x000000070d300000, 0x000000070d400000|  0%| F|  |TAMS 0x000000070d300000, 0x000000070d300000| Untracked 
| 194|0x000000070d400000, 0x000000070d400000, 0x000000070d500000|  0%| F|  |TAMS 0x000000070d400000, 0x000000070d400000| Untracked 
| 195|0x000000070d500000, 0x000000070d500000, 0x000000070d600000|  0%| F|  |TAMS 0x000000070d500000, 0x000000070d500000| Untracked 
| 196|0x000000070d600000, 0x000000070d600000, 0x000000070d700000|  0%| F|  |TAMS 0x000000070d600000, 0x000000070d600000| Untracked 
| 197|0x000000070d700000, 0x000000070d700000, 0x000000070d800000|  0%| F|  |TAMS 0x000000070d700000, 0x000000070d700000| Untracked 
| 198|0x000000070d800000, 0x000000070d800000, 0x000000070d900000|  0%| F|  |TAMS 0x000000070d800000, 0x000000070d800000| Untracked 
| 199|0x000000070d900000, 0x000000070d900000, 0x000000070da00000|  0%| F|  |TAMS 0x000000070d900000, 0x000000070d900000| Untracked 
| 200|0x000000070da00000, 0x000000070da00000, 0x000000070db00000|  0%| F|  |TAMS 0x000000070da00000, 0x000000070da00000| Untracked 
| 201|0x000000070db00000, 0x000000070db00000, 0x000000070dc00000|  0%| F|  |TAMS 0x000000070db00000, 0x000000070db00000| Untracked 
| 202|0x000000070dc00000, 0x000000070dc00000, 0x000000070dd00000|  0%| F|  |TAMS 0x000000070dc00000, 0x000000070dc00000| Untracked 
| 203|0x000000070dd00000, 0x000000070dd00000, 0x000000070de00000|  0%| F|  |TAMS 0x000000070dd00000, 0x000000070dd00000| Untracked 
| 204|0x000000070de00000, 0x000000070de00000, 0x000000070df00000|  0%| F|  |TAMS 0x000000070de00000, 0x000000070de00000| Untracked 
| 205|0x000000070df00000, 0x000000070df00000, 0x000000070e000000|  0%| F|  |TAMS 0x000000070df00000, 0x000000070df00000| Untracked 
| 206|0x000000070e000000, 0x000000070e000000, 0x000000070e100000|  0%| F|  |TAMS 0x000000070e000000, 0x000000070e000000| Untracked 
| 207|0x000000070e100000, 0x000000070e100000, 0x000000070e200000|  0%| F|  |TAMS 0x000000070e100000, 0x000000070e100000| Untracked 
| 208|0x000000070e200000, 0x000000070e200000, 0x000000070e300000|  0%| F|  |TAMS 0x000000070e200000, 0x000000070e200000| Untracked 
| 209|0x000000070e300000, 0x000000070e300000, 0x000000070e400000|  0%| F|  |TAMS 0x000000070e300000, 0x000000070e300000| Untracked 
| 210|0x000000070e400000, 0x000000070e400000, 0x000000070e500000|  0%| F|  |TAMS 0x000000070e400000, 0x000000070e400000| Untracked 
| 211|0x000000070e500000, 0x000000070e500000, 0x000000070e600000|  0%| F|  |TAMS 0x000000070e500000, 0x000000070e500000| Untracked 
| 212|0x000000070e600000, 0x000000070e600000, 0x000000070e700000|  0%| F|  |TAMS 0x000000070e600000, 0x000000070e600000| Untracked 
| 213|0x000000070e700000, 0x000000070e700000, 0x000000070e800000|  0%| F|  |TAMS 0x000000070e700000, 0x000000070e700000| Untracked 
| 214|0x000000070e800000, 0x000000070e800000, 0x000000070e900000|  0%| F|  |TAMS 0x000000070e800000, 0x000000070e800000| Untracked 
| 215|0x000000070e900000, 0x000000070e900000, 0x000000070ea00000|  0%| F|  |TAMS 0x000000070e900000, 0x000000070e900000| Untracked 
| 216|0x000000070ea00000, 0x000000070ea00000, 0x000000070eb00000|  0%| F|  |TAMS 0x000000070ea00000, 0x000000070ea00000| Untracked 
| 217|0x000000070eb00000, 0x000000070eb00000, 0x000000070ec00000|  0%| F|  |TAMS 0x000000070eb00000, 0x000000070eb00000| Untracked 
| 218|0x000000070ec00000, 0x000000070ec00000, 0x000000070ed00000|  0%| F|  |TAMS 0x000000070ec00000, 0x000000070ec00000| Untracked 
| 219|0x000000070ed00000, 0x000000070ed00000, 0x000000070ee00000|  0%| F|  |TAMS 0x000000070ed00000, 0x000000070ed00000| Untracked 
| 220|0x000000070ee00000, 0x000000070ee00000, 0x000000070ef00000|  0%| F|  |TAMS 0x000000070ee00000, 0x000000070ee00000| Untracked 
| 221|0x000000070ef00000, 0x000000070ef00000, 0x000000070f000000|  0%| F|  |TAMS 0x000000070ef00000, 0x000000070ef00000| Untracked 
| 222|0x000000070f000000, 0x000000070f000000, 0x000000070f100000|  0%| F|  |TAMS 0x000000070f000000, 0x000000070f000000| Untracked 
| 223|0x000000070f100000, 0x000000070f100000, 0x000000070f200000|  0%| F|  |TAMS 0x000000070f100000, 0x000000070f100000| Untracked 
| 224|0x000000070f200000, 0x000000070f200000, 0x000000070f300000|  0%| F|  |TAMS 0x000000070f200000, 0x000000070f200000| Untracked 
| 225|0x000000070f300000, 0x000000070f300000, 0x000000070f400000|  0%| F|  |TAMS 0x000000070f300000, 0x000000070f300000| Untracked 
| 226|0x000000070f400000, 0x000000070f400000, 0x000000070f500000|  0%| F|  |TAMS 0x000000070f400000, 0x000000070f400000| Untracked 
| 227|0x000000070f500000, 0x000000070f500000, 0x000000070f600000|  0%| F|  |TAMS 0x000000070f500000, 0x000000070f500000| Untracked 
| 228|0x000000070f600000, 0x000000070f600000, 0x000000070f700000|  0%| F|  |TAMS 0x000000070f600000, 0x000000070f600000| Untracked 
| 229|0x000000070f700000, 0x000000070f700000, 0x000000070f800000|  0%| F|  |TAMS 0x000000070f700000, 0x000000070f700000| Untracked 
| 230|0x000000070f800000, 0x000000070f800000, 0x000000070f900000|  0%| F|  |TAMS 0x000000070f800000, 0x000000070f800000| Untracked 
| 231|0x000000070f900000, 0x000000070f900000, 0x000000070fa00000|  0%| F|  |TAMS 0x000000070f900000, 0x000000070f900000| Untracked 
| 232|0x000000070fa00000, 0x000000070fa00000, 0x000000070fb00000|  0%| F|  |TAMS 0x000000070fa00000, 0x000000070fa00000| Untracked 
| 233|0x000000070fb00000, 0x000000070fb00000, 0x000000070fc00000|  0%| F|  |TAMS 0x000000070fb00000, 0x000000070fb00000| Untracked 
| 234|0x000000070fc00000, 0x000000070fc00000, 0x000000070fd00000|  0%| F|  |TAMS 0x000000070fc00000, 0x000000070fc00000| Untracked 
| 235|0x000000070fd00000, 0x000000070fd00000, 0x000000070fe00000|  0%| F|  |TAMS 0x000000070fd00000, 0x000000070fd00000| Untracked 
| 236|0x000000070fe00000, 0x000000070fe00000, 0x000000070ff00000|  0%| F|  |TAMS 0x000000070fe00000, 0x000000070fe00000| Untracked 
| 237|0x000000070ff00000, 0x000000070ff00000, 0x0000000710000000|  0%| F|  |TAMS 0x000000070ff00000, 0x000000070ff00000| Untracked 
| 238|0x0000000710000000, 0x0000000710000000, 0x0000000710100000|  0%| F|  |TAMS 0x0000000710000000, 0x0000000710000000| Untracked 
| 239|0x0000000710100000, 0x0000000710100000, 0x0000000710200000|  0%| F|  |TAMS 0x0000000710100000, 0x0000000710100000| Untracked 
| 240|0x0000000710200000, 0x0000000710200000, 0x0000000710300000|  0%| F|  |TAMS 0x0000000710200000, 0x0000000710200000| Untracked 
| 241|0x0000000710300000, 0x00000007103b46c0, 0x0000000710400000| 70%| S|CS|TAMS 0x0000000710300000, 0x0000000710300000| Complete 
| 242|0x0000000710400000, 0x0000000710500000, 0x0000000710500000|100%| S|CS|TAMS 0x0000000710400000, 0x0000000710400000| Complete 
| 243|0x0000000710500000, 0x0000000710600000, 0x0000000710600000|100%| S|CS|TAMS 0x0000000710500000, 0x0000000710500000| Complete 
| 244|0x0000000710600000, 0x0000000710700000, 0x0000000710700000|100%| S|CS|TAMS 0x0000000710600000, 0x0000000710600000| Complete 
| 245|0x0000000710700000, 0x0000000710800000, 0x0000000710800000|100%| S|CS|TAMS 0x0000000710700000, 0x0000000710700000| Complete 
| 246|0x0000000710800000, 0x0000000710900000, 0x0000000710900000|100%| S|CS|TAMS 0x0000000710800000, 0x0000000710800000| Complete 
| 247|0x0000000710900000, 0x0000000710a00000, 0x0000000710a00000|100%| S|CS|TAMS 0x0000000710900000, 0x0000000710900000| Complete 
| 248|0x0000000710a00000, 0x0000000710b00000, 0x0000000710b00000|100%| S|CS|TAMS 0x0000000710a00000, 0x0000000710a00000| Complete 
| 249|0x0000000710b00000, 0x0000000710c00000, 0x0000000710c00000|100%| S|CS|TAMS 0x0000000710b00000, 0x0000000710b00000| Complete 
| 250|0x0000000710c00000, 0x0000000710d00000, 0x0000000710d00000|100%| S|CS|TAMS 0x0000000710c00000, 0x0000000710c00000| Complete 
| 251|0x0000000710d00000, 0x0000000710e00000, 0x0000000710e00000|100%| S|CS|TAMS 0x0000000710d00000, 0x0000000710d00000| Complete 
| 252|0x0000000710e00000, 0x0000000710f00000, 0x0000000710f00000|100%| S|CS|TAMS 0x0000000710e00000, 0x0000000710e00000| Complete 
| 253|0x0000000710f00000, 0x0000000711000000, 0x0000000711000000|100%| S|CS|TAMS 0x0000000710f00000, 0x0000000710f00000| Complete 
| 254|0x0000000711000000, 0x0000000711100000, 0x0000000711100000|100%| S|CS|TAMS 0x0000000711000000, 0x0000000711000000| Complete 
| 255|0x0000000711100000, 0x0000000711200000, 0x0000000711200000|100%| S|CS|TAMS 0x0000000711100000, 0x0000000711100000| Complete 
| 256|0x0000000711200000, 0x0000000711200000, 0x0000000711300000|  0%| F|  |TAMS 0x0000000711200000, 0x0000000711200000| Untracked 
| 257|0x0000000711300000, 0x0000000711300000, 0x0000000711400000|  0%| F|  |TAMS 0x0000000711300000, 0x0000000711300000| Untracked 
| 258|0x0000000711400000, 0x0000000711400000, 0x0000000711500000|  0%| F|  |TAMS 0x0000000711400000, 0x0000000711400000| Untracked 
| 259|0x0000000711500000, 0x0000000711500000, 0x0000000711600000|  0%| F|  |TAMS 0x0000000711500000, 0x0000000711500000| Untracked 
| 260|0x0000000711600000, 0x0000000711600000, 0x0000000711700000|  0%| F|  |TAMS 0x0000000711600000, 0x0000000711600000| Untracked 
| 261|0x0000000711700000, 0x0000000711700000, 0x0000000711800000|  0%| F|  |TAMS 0x0000000711700000, 0x0000000711700000| Untracked 
| 262|0x0000000711800000, 0x0000000711800000, 0x0000000711900000|  0%| F|  |TAMS 0x0000000711800000, 0x0000000711800000| Untracked 
| 263|0x0000000711900000, 0x0000000711900000, 0x0000000711a00000|  0%| F|  |TAMS 0x0000000711900000, 0x0000000711900000| Untracked 
| 264|0x0000000711a00000, 0x0000000711a00000, 0x0000000711b00000|  0%| F|  |TAMS 0x0000000711a00000, 0x0000000711a00000| Untracked 
| 265|0x0000000711b00000, 0x0000000711b00000, 0x0000000711c00000|  0%| F|  |TAMS 0x0000000711b00000, 0x0000000711b00000| Untracked 
| 266|0x0000000711c00000, 0x0000000711c00000, 0x0000000711d00000|  0%| F|  |TAMS 0x0000000711c00000, 0x0000000711c00000| Untracked 
| 267|0x0000000711d00000, 0x0000000711d00000, 0x0000000711e00000|  0%| F|  |TAMS 0x0000000711d00000, 0x0000000711d00000| Untracked 
| 268|0x0000000711e00000, 0x0000000711e00000, 0x0000000711f00000|  0%| F|  |TAMS 0x0000000711e00000, 0x0000000711e00000| Untracked 
| 269|0x0000000711f00000, 0x0000000711f00000, 0x0000000712000000|  0%| F|  |TAMS 0x0000000711f00000, 0x0000000711f00000| Untracked 
| 270|0x0000000712000000, 0x0000000712000000, 0x0000000712100000|  0%| F|  |TAMS 0x0000000712000000, 0x0000000712000000| Untracked 
| 271|0x0000000712100000, 0x0000000712100000, 0x0000000712200000|  0%| F|  |TAMS 0x0000000712100000, 0x0000000712100000| Untracked 
| 272|0x0000000712200000, 0x0000000712200000, 0x0000000712300000|  0%| F|  |TAMS 0x0000000712200000, 0x0000000712200000| Untracked 
| 273|0x0000000712300000, 0x0000000712300000, 0x0000000712400000|  0%| F|  |TAMS 0x0000000712300000, 0x0000000712300000| Untracked 
| 274|0x0000000712400000, 0x0000000712400000, 0x0000000712500000|  0%| F|  |TAMS 0x0000000712400000, 0x0000000712400000| Untracked 
| 275|0x0000000712500000, 0x0000000712500000, 0x0000000712600000|  0%| F|  |TAMS 0x0000000712500000, 0x0000000712500000| Untracked 
| 276|0x0000000712600000, 0x0000000712600000, 0x0000000712700000|  0%| F|  |TAMS 0x0000000712600000, 0x0000000712600000| Untracked 
| 277|0x0000000712700000, 0x0000000712700000, 0x0000000712800000|  0%| F|  |TAMS 0x0000000712700000, 0x0000000712700000| Untracked 
| 278|0x0000000712800000, 0x0000000712800000, 0x0000000712900000|  0%| F|  |TAMS 0x0000000712800000, 0x0000000712800000| Untracked 
| 279|0x0000000712900000, 0x0000000712900000, 0x0000000712a00000|  0%| F|  |TAMS 0x0000000712900000, 0x0000000712900000| Untracked 
| 280|0x0000000712a00000, 0x0000000712a00000, 0x0000000712b00000|  0%| F|  |TAMS 0x0000000712a00000, 0x0000000712a00000| Untracked 
| 281|0x0000000712b00000, 0x0000000712b00000, 0x0000000712c00000|  0%| F|  |TAMS 0x0000000712b00000, 0x0000000712b00000| Untracked 
| 282|0x0000000712c00000, 0x0000000712c00000, 0x0000000712d00000|  0%| F|  |TAMS 0x0000000712c00000, 0x0000000712c00000| Untracked 
| 283|0x0000000712d00000, 0x0000000712d00000, 0x0000000712e00000|  0%| F|  |TAMS 0x0000000712d00000, 0x0000000712d00000| Untracked 
| 284|0x0000000712e00000, 0x0000000712e00000, 0x0000000712f00000|  0%| F|  |TAMS 0x0000000712e00000, 0x0000000712e00000| Untracked 
| 285|0x0000000712f00000, 0x0000000712f00000, 0x0000000713000000|  0%| F|  |TAMS 0x0000000712f00000, 0x0000000712f00000| Untracked 
| 286|0x0000000713000000, 0x0000000713000000, 0x0000000713100000|  0%| F|  |TAMS 0x0000000713000000, 0x0000000713000000| Untracked 
| 287|0x0000000713100000, 0x0000000713100800, 0x0000000713200000|  0%| E|  |TAMS 0x0000000713100000, 0x0000000713100000| Complete 
| 288|0x0000000713200000, 0x0000000713300000, 0x0000000713300000|100%| E|CS|TAMS 0x0000000713200000, 0x0000000713200000| Complete 
| 289|0x0000000713300000, 0x0000000713400000, 0x0000000713400000|100%| E|CS|TAMS 0x0000000713300000, 0x0000000713300000| Complete 
| 290|0x0000000713400000, 0x0000000713500000, 0x0000000713500000|100%| E|CS|TAMS 0x0000000713400000, 0x0000000713400000| Complete 
| 291|0x0000000713500000, 0x0000000713600000, 0x0000000713600000|100%| E|CS|TAMS 0x0000000713500000, 0x0000000713500000| Complete 
| 292|0x0000000713600000, 0x0000000713700000, 0x0000000713700000|100%| E|CS|TAMS 0x0000000713600000, 0x0000000713600000| Complete 
| 293|0x0000000713700000, 0x0000000713800000, 0x0000000713800000|100%| E|CS|TAMS 0x0000000713700000, 0x0000000713700000| Complete 
| 294|0x0000000713800000, 0x0000000713900000, 0x0000000713900000|100%| E|CS|TAMS 0x0000000713800000, 0x0000000713800000| Complete 
| 295|0x0000000713900000, 0x0000000713a00000, 0x0000000713a00000|100%| E|CS|TAMS 0x0000000713900000, 0x0000000713900000| Complete 
| 296|0x0000000713a00000, 0x0000000713b00000, 0x0000000713b00000|100%| E|CS|TAMS 0x0000000713a00000, 0x0000000713a00000| Complete 
| 297|0x0000000713b00000, 0x0000000713c00000, 0x0000000713c00000|100%| E|CS|TAMS 0x0000000713b00000, 0x0000000713b00000| Complete 
| 298|0x0000000713c00000, 0x0000000713d00000, 0x0000000713d00000|100%| E|CS|TAMS 0x0000000713c00000, 0x0000000713c00000| Complete 
| 299|0x0000000713d00000, 0x0000000713e00000, 0x0000000713e00000|100%| E|CS|TAMS 0x0000000713d00000, 0x0000000713d00000| Complete 
| 300|0x0000000713e00000, 0x0000000713f00000, 0x0000000713f00000|100%| E|CS|TAMS 0x0000000713e00000, 0x0000000713e00000| Complete 
| 301|0x0000000713f00000, 0x0000000714000000, 0x0000000714000000|100%| E|CS|TAMS 0x0000000713f00000, 0x0000000713f00000| Complete 
| 302|0x0000000714000000, 0x0000000714100000, 0x0000000714100000|100%| E|CS|TAMS 0x0000000714000000, 0x0000000714000000| Complete 
| 303|0x0000000714100000, 0x0000000714200000, 0x0000000714200000|100%| E|CS|TAMS 0x0000000714100000, 0x0000000714100000| Complete 
| 304|0x0000000714200000, 0x0000000714300000, 0x0000000714300000|100%| E|CS|TAMS 0x0000000714200000, 0x0000000714200000| Complete 
| 305|0x0000000714300000, 0x0000000714400000, 0x0000000714400000|100%| E|CS|TAMS 0x0000000714300000, 0x0000000714300000| Complete 
| 306|0x0000000714400000, 0x0000000714500000, 0x0000000714500000|100%| E|CS|TAMS 0x0000000714400000, 0x0000000714400000| Complete 
| 307|0x0000000714500000, 0x0000000714600000, 0x0000000714600000|100%| E|CS|TAMS 0x0000000714500000, 0x0000000714500000| Complete 

Card table byte_map: [0x0000015c8f000000,0x0000015c8f800000] _byte_map_base: 0x0000015c8b7f7000

Marking Bits (Prev, Next): (CMBitMap*) 0x0000015cf41488c0, (CMBitMap*) 0x0000015cf4148888
 Prev Bits: [0x0000015c93fc0000, 0x0000015c97f78000)
 Next Bits: [0x0000015c90000000, 0x0000015c93fb8000)

Polling page: 0x0000015cf41c0000

Metaspace:

Usage:
  Non-class:     52.14 MB capacity,    51.20 MB ( 98%) used,   760.77 KB (  1%) free+waste,   200.06 KB ( <1%) overhead. 
      Class:      8.19 MB capacity,     7.54 MB ( 92%) used,   567.30 KB (  7%) free+waste,    94.50 KB (  1%) overhead. 
       Both:     60.33 MB capacity,    58.74 MB ( 97%) used,     1.30 MB (  2%) free+waste,   294.56 KB ( <1%) overhead. 

Virtual space:
  Non-class space:       54.00 MB reserved,      52.25 MB ( 97%) committed 
      Class space:        1.00 GB reserved,       8.25 MB ( <1%) committed 
             Both:        1.05 GB reserved,      60.50 MB (  6%) committed 

Chunk freelists:
   Non-Class:  52.00 KB
       Class:  0 bytes
        Both:  52.00 KB

MaxMetaspaceSize: 17179869184.00 GB
CompressedClassSpaceSize: 1.00 GB
Initial GC threshold: 20.80 MB
Current GC threshold: 98.34 MB
CDS: off

CodeHeap 'non-profiled nmethods': size=119168Kb used=3384Kb max_used=3384Kb free=115783Kb
 bounds [0x0000015c87ba0000, 0x0000015c87ef0000, 0x0000015c8f000000]
CodeHeap 'profiled nmethods': size=119168Kb used=11288Kb max_used=11288Kb free=107879Kb
 bounds [0x0000015c80740000, 0x0000015c81250000, 0x0000015c87ba0000]
CodeHeap 'non-nmethods': size=7424Kb used=2961Kb max_used=3016Kb free=4463Kb
 bounds [0x0000015c80000000, 0x0000015c80300000, 0x0000015c80740000]
 total_blobs=5445 nmethods=4894 adapters=460
 compilation: enabled
              stopped_count=0, restarted_count=0
 full_count=0

Compilation events (20 events):
Event: 3.434 Thread 0x0000015c9c697800 4912       3       org.springframework.boot.autoconfigure.condition.ConditionEvaluationReport$$Lambda$1016/0x0000000800813840::accept (16 bytes)
Event: 3.434 Thread 0x0000015c9bf9f800 4913       3       org.springframework.boot.autoconfigure.condition.ConditionEvaluationReport::lambda$getConditionAndOutcomesBySource$0 (13 bytes)
Event: 3.434 Thread 0x0000015c9c5b9800 4914       3       org.springframework.boot.autoconfigure.condition.ConditionEvaluationReport$ConditionAndOutcomes::isFullMatch (41 bytes)
Event: 3.434 Thread 0x0000015c9b4a3000 4915       3       org.springframework.boot.autoconfigure.condition.ConditionEvaluationReport$ConditionAndOutcomes::iterator (13 bytes)
Event: 3.434 Thread 0x0000015c9c697800 nmethod 4912 0x0000015c81240710 code [0x0000015c81240900, 0x0000015c81240d38]
Event: 3.434 Thread 0x0000015c9bf9f800 nmethod 4913 0x0000015c81240e90 code [0x0000015c81241060, 0x0000015c81241218]
Event: 3.435 Thread 0x0000015c9b4a3000 nmethod 4915 0x0000015c81241310 code [0x0000015c81241540, 0x0000015c81241d38]
Event: 3.435 Thread 0x0000015c9c5b9800 nmethod 4914 0x0000015c81241f90 code [0x0000015c81242220, 0x0000015c81242f78]
Event: 3.436 Thread 0x0000015c9c697800 4916   !   3       org.springframework.util.ConcurrentReferenceHashMap$Segment::clear (69 bytes)
Event: 3.436 Thread 0x0000015c9c697800 nmethod 4916 0x0000015c81243390 code [0x0000015c81243600, 0x0000015c81244078]
Event: 3.437 Thread 0x0000015c9bf9f800 4917       3       jdk.internal.math.FDBigInteger::mult (64 bytes)
Event: 3.437 Thread 0x0000015c9b4a3000 4918       3       jdk.internal.math.FDBigInteger::<init> (30 bytes)
Event: 3.437 Thread 0x0000015c9c5b9800 4919       3       jdk.internal.math.FDBigInteger::trimLeadingZeros (57 bytes)
Event: 3.437 Thread 0x0000015c9c697800 4920       3       jdk.internal.math.FDBigInteger::makeImmutable (6 bytes)
Event: 3.437 Thread 0x0000015c9c697800 nmethod 4920 0x0000015c81244490 code [0x0000015c81244640, 0x0000015c81244738]
Event: 3.437 Thread 0x0000015c9c697800 4921       3       jdk.internal.math.FDBigInteger::mult (44 bytes)
Event: 3.438 Thread 0x0000015c9c5b9800 nmethod 4919 0x0000015c81244810 code [0x0000015c812449e0, 0x0000015c81244cb8]
Event: 3.438 Thread 0x0000015c9c697800 nmethod 4921 0x0000015c81244e10 code [0x0000015c81245000, 0x0000015c81245418]
Event: 3.438 Thread 0x0000015c9bf9f800 nmethod 4917 0x0000015c81245590 code [0x0000015c81245760, 0x0000015c81245998]
Event: 3.438 Thread 0x0000015c9b4a3000 nmethod 4918 0x0000015c81245b90 code [0x0000015c81245d60, 0x0000015c81245f68]

GC Heap History (14 events):
Event: 0.371 GC heap before
{Heap before GC invocations=0 (full 0):
 garbage-first heap   total 262144K, used 24576K [0x0000000701200000, 0x0000000800000000)
  region size 1024K, 24 young (24576K), 0 survivors (0K)
 Metaspace       used 11553K, capacity 11760K, committed 12032K, reserved 1060864K
  class space    used 1110K, capacity 1174K, committed 1280K, reserved 1048576K
}
Event: 0.374 GC heap after
{Heap after GC invocations=1 (full 0):
 garbage-first heap   total 262144K, used 6130K [0x0000000701200000, 0x0000000800000000)
  region size 1024K, 3 young (3072K), 3 survivors (3072K)
 Metaspace       used 11553K, capacity 11760K, committed 12032K, reserved 1060864K
  class space    used 1110K, capacity 1174K, committed 1280K, reserved 1048576K
}
Event: 0.701 GC heap before
{Heap before GC invocations=1 (full 0):
 garbage-first heap   total 262144K, used 48114K [0x0000000701200000, 0x0000000800000000)
  region size 1024K, 45 young (46080K), 3 survivors (3072K)
 Metaspace       used 20592K, capacity 21115K, committed 21248K, reserved 1069056K
  class space    used 2213K, capacity 2435K, committed 2560K, reserved 1048576K
}
Event: 0.706 GC heap after
{Heap after GC invocations=2 (full 0):
 garbage-first heap   total 262144K, used 7844K [0x0000000701200000, 0x0000000800000000)
  region size 1024K, 5 young (5120K), 5 survivors (5120K)
 Metaspace       used 20592K, capacity 21115K, committed 21248K, reserved 1069056K
  class space    used 2213K, capacity 2435K, committed 2560K, reserved 1048576K
}
Event: 0.845 GC heap before
{Heap before GC invocations=3 (full 0):
 garbage-first heap   total 262144K, used 62116K [0x0000000701200000, 0x0000000800000000)
  region size 1024K, 59 young (60416K), 5 survivors (5120K)
 Metaspace       used 24364K, capacity 24998K, committed 25344K, reserved 1071104K
  class space    used 2730K, capacity 2964K, committed 3072K, reserved 1048576K
}
Event: 0.849 GC heap after
{Heap after GC invocations=4 (full 0):
 garbage-first heap   total 262144K, used 8934K [0x0000000701200000, 0x0000000800000000)
  region size 1024K, 3 young (3072K), 3 survivors (3072K)
 Metaspace       used 24364K, capacity 24998K, committed 25344K, reserved 1071104K
  class space    used 2730K, capacity 2964K, committed 3072K, reserved 1048576K
}
Event: 1.423 GC heap before
{Heap before GC invocations=4 (full 0):
 garbage-first heap   total 262144K, used 85734K [0x0000000701200000, 0x0000000800000000)
  region size 1024K, 79 young (80896K), 3 survivors (3072K)
 Metaspace       used 31766K, capacity 32612K, committed 32768K, reserved 1077248K
  class space    used 3672K, capacity 4013K, committed 4096K, reserved 1048576K
}
Event: 1.427 GC heap after
{Heap after GC invocations=5 (full 0):
 garbage-first heap   total 262144K, used 12214K [0x0000000701200000, 0x0000000800000000)
  region size 1024K, 7 young (7168K), 7 survivors (7168K)
 Metaspace       used 31766K, capacity 32612K, committed 32768K, reserved 1077248K
  class space    used 3672K, capacity 4013K, committed 4096K, reserved 1048576K
}
Event: 1.862 GC heap before
{Heap before GC invocations=5 (full 0):
 garbage-first heap   total 262144K, used 30646K [0x0000000701200000, 0x0000000800000000)
  region size 1024K, 26 young (26624K), 7 survivors (7168K)
 Metaspace       used 34804K, capacity 35779K, committed 35840K, reserved 1081344K
  class space    used 4048K, capacity 4455K, committed 4480K, reserved 1048576K
}
Event: 1.869 GC heap after
{Heap after GC invocations=6 (full 0):
 garbage-first heap   total 315392K, used 13633K [0x0000000701200000, 0x0000000800000000)
  region size 1024K, 8 young (8192K), 8 survivors (8192K)
 Metaspace       used 34804K, capacity 35779K, committed 35840K, reserved 1081344K
  class space    used 4048K, capacity 4455K, committed 4480K, reserved 1048576K
}
Event: 2.707 GC heap before
{Heap before GC invocations=7 (full 0):
 garbage-first heap   total 315392K, used 135489K [0x0000000701200000, 0x0000000800000000)
  region size 1024K, 128 young (131072K), 8 survivors (8192K)
 Metaspace       used 51106K, capacity 52355K, committed 52480K, reserved 1095680K
  class space    used 6405K, capacity 6902K, committed 6912K, reserved 1048576K
}
Event: 2.714 GC heap after
{Heap after GC invocations=8 (full 0):
 garbage-first heap   total 315392K, used 17143K [0x0000000701200000, 0x0000000800000000)
  region size 1024K, 11 young (11264K), 11 survivors (11264K)
 Metaspace       used 51106K, capacity 52355K, committed 52480K, reserved 1095680K
  class space    used 6405K, capacity 6902K, committed 6912K, reserved 1048576K
}
Event: 3.248 GC heap before
{Heap before GC invocations=8 (full 0):
 garbage-first heap   total 315392K, used 68343K [0x0000000701200000, 0x0000000800000000)
  region size 1024K, 63 young (64512K), 11 survivors (11264K)
 Metaspace       used 58494K, capacity 59983K, committed 60160K, reserved 1101824K
  class space    used 7466K, capacity 8074K, committed 8192K, reserved 1048576K
}
Event: 3.261 GC heap after
{Heap after GC invocations=9 (full 0):
 garbage-first heap   total 315392K, used 20937K [0x0000000701200000, 0x0000000800000000)
  region size 1024K, 15 young (15360K), 15 survivors (15360K)
 Metaspace       used 58494K, capacity 59983K, committed 60160K, reserved 1101824K
  class space    used 7466K, capacity 8074K, committed 8192K, reserved 1048576K
}

Deoptimization events (20 events):
Event: 3.363 Thread 0x0000015cf40e2800 Uncommon trap: trap_request=0xffffff4d fr.pc=0x0000015c87d21e98 relative=0x0000000000000af8
Event: 3.363 Thread 0x0000015cf40e2800 Uncommon trap: reason=unstable_if action=reinterpret pc=0x0000015c87d21e98 method=org.springframework.beans.factory.support.DefaultSingletonBeanRegistry.getSingleton(Ljava/lang/String;Z)Ljava/lang/Object; @ 39 c2
Event: 3.363 Thread 0x0000015cf40e2800 DEOPT PACKING pc=0x0000015c87d21e98 sp=0x00000033cbcfdeb0
Event: 3.363 Thread 0x0000015cf40e2800 DEOPT UNPACKING pc=0x0000015c8004a1af sp=0x00000033cbcfde48 mode 2
Event: 3.363 Thread 0x0000015cf40e2800 Uncommon trap: trap_request=0xffffff4d fr.pc=0x0000015c87e00970 relative=0x0000000000000870
Event: 3.363 Thread 0x0000015cf40e2800 Uncommon trap: reason=unstable_if action=reinterpret pc=0x0000015c87e00970 method=java.util.Collections$SetFromMap.add(Ljava/lang/Object;)Z @ 13 c2
Event: 3.363 Thread 0x0000015cf40e2800 DEOPT PACKING pc=0x0000015c87e00970 sp=0x00000033cbcfdd30
Event: 3.363 Thread 0x0000015cf40e2800 DEOPT UNPACKING pc=0x0000015c8004a1af sp=0x00000033cbcfdd30 mode 2
Event: 3.379 Thread 0x0000015cf40e2800 Uncommon trap: trap_request=0xfffffff4 fr.pc=0x0000015c87cc6474 relative=0x0000000000000234
Event: 3.379 Thread 0x0000015cf40e2800 Uncommon trap: reason=null_check action=make_not_entrant pc=0x0000015c87cc6474 method=org.springframework.util.ClassUtils.isAssignable(Ljava/lang/Class;Ljava/lang/Class;)Z @ 14 c2
Event: 3.379 Thread 0x0000015cf40e2800 DEOPT PACKING pc=0x0000015c87cc6474 sp=0x00000033cbcfe3a0
Event: 3.379 Thread 0x0000015cf40e2800 DEOPT UNPACKING pc=0x0000015c8004a1af sp=0x00000033cbcfe330 mode 2
Event: 3.404 Thread 0x0000015cf40e2800 Uncommon trap: trap_request=0xffffff4d fr.pc=0x0000015c87d94790 relative=0x0000000000000570
Event: 3.404 Thread 0x0000015cf40e2800 Uncommon trap: reason=unstable_if action=reinterpret pc=0x0000015c87d94790 method=org.springframework.core.annotation.AnnotationsScanner.isWithoutHierarchy(Ljava/lang/reflect/AnnotatedElement;Lorg/springframework/core/annotation/MergedAnnotations$SearchSt
Event: 3.404 Thread 0x0000015cf40e2800 DEOPT PACKING pc=0x0000015c87d94790 sp=0x00000033cbcfe580
Event: 3.404 Thread 0x0000015cf40e2800 DEOPT UNPACKING pc=0x0000015c8004a1af sp=0x00000033cbcfe540 mode 2
Event: 3.434 Thread 0x0000015cf40e2800 Uncommon trap: trap_request=0xffffff4d fr.pc=0x0000015c87c2b8fc relative=0x000000000000005c
Event: 3.434 Thread 0x0000015cf40e2800 Uncommon trap: reason=unstable_if action=reinterpret pc=0x0000015c87c2b8fc method=org.springframework.util.ConcurrentReferenceHashMap$Segment.clear()V @ 7 c2
Event: 3.434 Thread 0x0000015cf40e2800 DEOPT PACKING pc=0x0000015c87c2b8fc sp=0x00000033cbcfea50
Event: 3.434 Thread 0x0000015cf40e2800 DEOPT UNPACKING pc=0x0000015c8004a1af sp=0x00000033cbcfe9e0 mode 2

Classes redefined (0 events):
No events

Internal exceptions (20 events):
Event: 3.093 Thread 0x0000015cf40e2800 Exception <a 'java/lang/IncompatibleClassChangeError'{0x0000000712481790}: Found class java.lang.Object, but interface was expected> (0x0000000712481790) thrown at [./src/hotspot/share/interpreter/linkResolver.cpp, line 839]
Event: 3.151 Thread 0x0000015cf40e2800 Exception <a 'java/lang/ClassNotFoundException'{0x0000000711da2198}: java/lang/ObjectCustomizer> (0x0000000711da2198) thrown at [./src/hotspot/share/classfile/systemDictionary.cpp, line 231]
Event: 3.152 Thread 0x0000015cf40e2800 Exception <a 'java/lang/ClassNotFoundException'{0x0000000711db6490}: org/springframework/web/servlet/config/annotation/WebMvcConfigurationSupportCustomizer> (0x0000000711db6490) thrown at [./src/hotspot/share/classfile/systemDictionary.cpp, line 231]
Event: 3.152 Thread 0x0000015cf40e2800 Exception <a 'java/lang/ClassNotFoundException'{0x0000000711dd6d28}: org/springframework/web/servlet/config/annotation/DelegatingWebMvcConfigurationCustomizer> (0x0000000711dd6d28) thrown at [./src/hotspot/share/classfile/systemDictionary.cpp, line 231]
Event: 3.153 Thread 0x0000015cf40e2800 Exception <a 'java/lang/ClassNotFoundException'{0x0000000711deef00}: org/springframework/boot/autoconfigure/web/servlet/WebMvcAutoConfiguration$EnableWebMvcConfigurationCustomizer> (0x0000000711deef00) thrown at [./src/hotspot/share/classfile/systemDictionary.cpp, line 231]
Event: 3.153 Thread 0x0000015cf40e2800 Exception <a 'java/lang/ClassNotFoundException'{0x0000000711c0ae60}: org/springframework/context/ResourceLoaderAwareCustomizer> (0x0000000711c0ae60) thrown at [./src/hotspot/share/classfile/systemDictionary.cpp, line 231]
Event: 3.154 Thread 0x0000015cf40e2800 Exception <a 'java/lang/ClassNotFoundException'{0x0000000711c185e0}: org/springframework/beans/factory/AwareCustomizer> (0x0000000711c185e0) thrown at [./src/hotspot/share/classfile/systemDictionary.cpp, line 231]
Event: 3.154 Thread 0x0000015cf40e2800 Exception <a 'java/lang/ClassNotFoundException'{0x0000000711c26760}: org/springframework/context/ApplicationContextAwareCustomizer> (0x0000000711c26760) thrown at [./src/hotspot/share/classfile/systemDictionary.cpp, line 231]
Event: 3.154 Thread 0x0000015cf40e2800 Exception <a 'java/lang/ClassNotFoundException'{0x0000000711c34870}: org/springframework/beans/factory/AwareCustomizer> (0x0000000711c34870) thrown at [./src/hotspot/share/classfile/systemDictionary.cpp, line 231]
Event: 3.154 Thread 0x0000015cf40e2800 Exception <a 'java/lang/ClassNotFoundException'{0x0000000711c429c8}: org/springframework/web/context/ServletContextAwareCustomizer> (0x0000000711c429c8) thrown at [./src/hotspot/share/classfile/systemDictionary.cpp, line 231]
Event: 3.154 Thread 0x0000015cf40e2800 Exception <a 'java/lang/ClassNotFoundException'{0x0000000711c505b0}: org/springframework/beans/factory/AwareCustomizer> (0x0000000711c505b0) thrown at [./src/hotspot/share/classfile/systemDictionary.cpp, line 231]
Event: 3.236 Thread 0x0000015cf40e2800 Exception <a 'java/lang/NoSuchMethodError'{0x0000000711469540}: 'void java.lang.invoke.DirectMethodHandle$Holder.invokeVirtual(java.lang.Object, java.lang.Object, int)'> (0x0000000711469540) thrown at [./src/hotspot/share/interpreter/linkResolver.cpp, line 773]
Event: 3.237 Thread 0x0000015cf40e2800 Exception <a 'java/lang/NoSuchMethodError'{0x0000000711483718}: 'void java.lang.invoke.DirectMethodHandle$Holder.invokeVirtual(java.lang.Object, java.lang.Object, long)'> (0x0000000711483718) thrown at [./src/hotspot/share/interpreter/linkResolver.cpp, line 773]
Event: 3.335 Thread 0x0000015cf40e2800 Exception <a 'java/lang/IncompatibleClassChangeError'{0x0000000713ebb460}: Found class java.lang.Object, but interface was expected> (0x0000000713ebb460) thrown at [./src/hotspot/share/interpreter/linkResolver.cpp, line 839]
Event: 3.359 Thread 0x0000015cf40e2800 Exception <a 'java/lang/NoSuchMethodError'{0x0000000713b3cb18}: 'int java.lang.invoke.DirectMethodHandle$Holder.invokeStaticInit(java.lang.Object, java.lang.Object, java.lang.Object, java.lang.Object)'> (0x0000000713b3cb18) thrown at [./src/hotspot/share/interpreter/linkResolver.cpp, line 773]
Event: 3.379 Thread 0x0000015cf40e2800 Implicit null exception at 0x0000015c87cc6257 to 0x0000015c87cc6460
Event: 3.409 Thread 0x0000015cf40e2800 Exception <a 'java/lang/NoSuchMethodError'{0x00000007137a81c0}: 'java.lang.Object java.lang.invoke.DirectMethodHandle$Holder.invokeSpecial(java.lang.Object, java.lang.Object, int, java.lang.Object, int, java.lang.Object)'> (0x00000007137a81c0) thrown at [./src/hotspot/share/interpreter/linkResolver.cpp, line 773]
Event: 3.409 Thread 0x0000015cf40e2800 Exception <a 'java/lang/NoSuchMethodError'{0x00000007137af6a8}: 'java.lang.Object java.lang.invoke.DirectMethodHandle$Holder.invokeStatic(java.lang.Object, java.lang.Object, int, java.lang.Object, int)'> (0x00000007137af6a8) thrown at [./src/hotspot/share/interpreter/linkResolver.cpp, line 773]
Event: 3.410 Thread 0x0000015cf40e2800 Exception <a 'java/lang/NoSuchMethodError'{0x00000007137b2e88}: 'java.lang.Object java.lang.invoke.DirectMethodHandle$Holder.invokeSpecial(java.lang.Object, java.lang.Object, java.lang.Object, int, java.lang.Object, int)'> (0x00000007137b2e88) thrown at [./src/hotspot/share/interpreter/linkResolver.cpp, line 773]
Event: 3.410 Thread 0x0000015cf40e2800 Exception <a 'java/lang/NoSuchMethodError'{0x00000007137be0f8}: 'void java.lang.invoke.DirectMethodHandle$Holder.invokeVirtual(java.lang.Object, java.lang.Object)'> (0x00000007137be0f8) thrown at [./src/hotspot/share/interpreter/linkResolver.cpp, line 773]

Events (20 events):
Event: 3.436 loading class java/util/AbstractMap$1$1
Event: 3.436 loading class java/util/AbstractMap$1$1 done
Event: 3.436 loading class jdk/internal/math/FDBigInteger
Event: 3.437 loading class jdk/internal/math/FDBigInteger done
Event: 3.438 loading class org/springframework/context/ConfigurableApplicationContext
Event: 3.438 loading class org/springframework/context/ConfigurableApplicationContext done
Event: 3.438 loading class org/springframework/context/ConfigurableApplicationContext
Event: 3.438 loading class org/springframework/context/ConfigurableApplicationContext done
Event: 3.438 loading class org/springframework/boot/ApplicationRunner
Event: 3.438 loading class org/springframework/boot/ApplicationRunner done
Event: 3.439 loading class org/springframework/boot/CommandLineRunner
Event: 3.439 loading class org/springframework/boot/CommandLineRunner done
Event: 3.439 loading class org/springframework/context/ConfigurableApplicationContext
Event: 3.439 loading class org/springframework/context/ConfigurableApplicationContext done
Event: 3.439 loading class org/springframework/context/ConfigurableApplicationContext
Event: 3.439 loading class org/springframework/context/ConfigurableApplicationContext done
Event: 3.439 loading class java/util/IdentityHashMap$KeyIterator
Event: 3.440 loading class java/util/IdentityHashMap$KeyIterator done
Event: 3.440 Thread 0x0000015cf40e2800 Thread exited: 0x0000015cf40e2800
Event: 3.440 Thread 0x0000015ca2559800 Thread added: 0x0000015ca2559800


Dynamic libraries:
0x00007ff66c560000 - 0x00007ff66c56d000 	C:\Users\Tobias-PC\.jdks\corretto-11.0.12\bin\java.exe
0x00007ffcf5e90000 - 0x00007ffcf6085000 	C:\WINDOWS\SYSTEM32\ntdll.dll
0x00007ffcf45d0000 - 0x00007ffcf468d000 	C:\WINDOWS\System32\KERNEL32.DLL
0x00007ffcf38e0000 - 0x00007ffcf3bad000 	C:\WINDOWS\System32\KERNELBASE.dll
0x00007ffcf37e0000 - 0x00007ffcf38e0000 	C:\WINDOWS\System32\ucrtbase.dll
0x00007ffcdfd90000 - 0x00007ffcdfda7000 	C:\Users\Tobias-PC\.jdks\corretto-11.0.12\bin\jli.dll
0x00007ffcdfdb0000 - 0x00007ffcdfdc9000 	C:\Users\Tobias-PC\.jdks\corretto-11.0.12\bin\VCRUNTIME140.dll
0x00007ffcf4430000 - 0x00007ffcf45d0000 	C:\WINDOWS\System32\USER32.dll
0x00007ffce3720000 - 0x00007ffce39ba000 	C:\WINDOWS\WinSxS\amd64_microsoft.windows.common-controls_6595b64144ccf1df_6.0.19041.1110_none_60b5254171f9507e\COMCTL32.dll
0x00007ffcf3c20000 - 0x00007ffcf3c42000 	C:\WINDOWS\System32\win32u.dll
0x00007ffcf54e0000 - 0x00007ffcf557e000 	C:\WINDOWS\System32\msvcrt.dll
0x00007ffcf4690000 - 0x00007ffcf46ba000 	C:\WINDOWS\System32\GDI32.dll
0x00007ffcf3dd0000 - 0x00007ffcf3edb000 	C:\WINDOWS\System32\gdi32full.dll
0x00007ffcf3c50000 - 0x00007ffcf3ced000 	C:\WINDOWS\System32\msvcp_win.dll
0x00007ffcf4270000 - 0x00007ffcf42a0000 	C:\WINDOWS\System32\IMM32.DLL
0x00007ffcdfcf0000 - 0x00007ffcdfd8b000 	C:\Users\Tobias-PC\.jdks\corretto-11.0.12\bin\msvcp140.dll
0x00007ffc58f60000 - 0x00007ffc59aba000 	C:\Users\Tobias-PC\.jdks\corretto-11.0.12\bin\server\jvm.dll
0x00007ffcf3f90000 - 0x00007ffcf403e000 	C:\WINDOWS\System32\ADVAPI32.dll
0x00007ffcf46d0000 - 0x00007ffcf476c000 	C:\WINDOWS\System32\sechost.dll
0x00007ffcf4300000 - 0x00007ffcf4425000 	C:\WINDOWS\System32\RPCRT4.dll
0x00007ffcf59d0000 - 0x00007ffcf59d8000 	C:\WINDOWS\System32\PSAPI.DLL
0x00007ffcd0a30000 - 0x00007ffcd0a39000 	C:\WINDOWS\SYSTEM32\WSOCK32.dll
0x00007ffcead00000 - 0x00007ffcead27000 	C:\WINDOWS\SYSTEM32\WINMM.dll
0x00007ffceb420000 - 0x00007ffceb42a000 	C:\WINDOWS\SYSTEM32\VERSION.dll
0x00007ffcf5960000 - 0x00007ffcf59cb000 	C:\WINDOWS\System32\WS2_32.dll
0x00007ffcf14c0000 - 0x00007ffcf14d2000 	C:\WINDOWS\SYSTEM32\kernel.appcore.dll
0x00007ffcdfe00000 - 0x00007ffcdfe10000 	C:\Users\Tobias-PC\.jdks\corretto-11.0.12\bin\verify.dll
0x00007ffce88d0000 - 0x00007ffce8ab4000 	C:\WINDOWS\SYSTEM32\DBGHELP.DLL
0x00007ffcddae0000 - 0x00007ffcddb0c000 	C:\WINDOWS\SYSTEM32\dbgcore.DLL
0x00007ffcf3d40000 - 0x00007ffcf3dc2000 	C:\WINDOWS\System32\bcryptPrimitives.dll
0x00007ffcdfcc0000 - 0x00007ffcdfce8000 	C:\Users\Tobias-PC\.jdks\corretto-11.0.12\bin\java.dll
0x00007ffcde110000 - 0x00007ffcde11a000 	C:\Users\Tobias-PC\.jdks\corretto-11.0.12\bin\jimage.dll
0x00007ffcde0e0000 - 0x00007ffcde0ee000 	C:\Users\Tobias-PC\.jdks\corretto-11.0.12\bin\instrument.dll
0x00007ffcde0f0000 - 0x00007ffcde107000 	C:\Users\Tobias-PC\.jdks\corretto-11.0.12\bin\zip.dll
0x00007ffcf4d30000 - 0x00007ffcf5474000 	C:\WINDOWS\System32\SHELL32.dll
0x00007ffcf16c0000 - 0x00007ffcf1e54000 	C:\WINDOWS\SYSTEM32\windows.storage.dll
0x00007ffcf59e0000 - 0x00007ffcf5d34000 	C:\WINDOWS\System32\combase.dll
0x00007ffcf3000000 - 0x00007ffcf302c000 	C:\WINDOWS\SYSTEM32\Wldp.dll
0x00007ffcf3ee0000 - 0x00007ffcf3f8d000 	C:\WINDOWS\System32\SHCORE.dll
0x00007ffcf5d40000 - 0x00007ffcf5d95000 	C:\WINDOWS\System32\shlwapi.dll
0x00007ffcf34e0000 - 0x00007ffcf34ff000 	C:\WINDOWS\SYSTEM32\profapi.dll
0x00007ffcde0c0000 - 0x00007ffcde0d9000 	C:\Users\Tobias-PC\.jdks\corretto-11.0.12\bin\net.dll
0x00007ffcec840000 - 0x00007ffcec94a000 	C:\WINDOWS\SYSTEM32\WINHTTP.dll
0x00007ffcf2d60000 - 0x00007ffcf2dca000 	C:\WINDOWS\system32\mswsock.dll
0x00007ffcd4370000 - 0x00007ffcd4382000 	C:\Users\Tobias-PC\.jdks\corretto-11.0.12\bin\nio.dll
0x00007ffcd4350000 - 0x00007ffcd436a000 	D:\Programme(x86)\IntelliJ IDEA Community Edition 2021.2.3\bin\breakgen64.dll
0x00007ffcde0b0000 - 0x00007ffcde0b9000 	C:\Users\Tobias-PC\.jdks\corretto-11.0.12\bin\management.dll
0x00007ffcd67c0000 - 0x00007ffcd67cb000 	C:\Users\Tobias-PC\.jdks\corretto-11.0.12\bin\management_ext.dll
0x00007ffcbc0c0000 - 0x00007ffcbc0d7000 	C:\WINDOWS\system32\napinsp.dll
0x00007ffcbc0a0000 - 0x00007ffcbc0bb000 	C:\WINDOWS\system32\pnrpnsp.dll
0x00007ffcd6800000 - 0x00007ffcd6815000 	C:\WINDOWS\system32\wshbth.dll
0x00007ffcf0040000 - 0x00007ffcf005d000 	C:\WINDOWS\system32\NLAapi.dll
0x00007ffcf2a00000 - 0x00007ffcf2a3b000 	C:\WINDOWS\SYSTEM32\IPHLPAPI.DLL
0x00007ffcf2a50000 - 0x00007ffcf2b1b000 	C:\WINDOWS\SYSTEM32\DNSAPI.dll
0x00007ffcf46c0000 - 0x00007ffcf46c8000 	C:\WINDOWS\System32\NSI.dll
0x00007ffcbc080000 - 0x00007ffcbc092000 	C:\WINDOWS\System32\winrnr.dll
0x00007ffcebec0000 - 0x00007ffcebeca000 	C:\Windows\System32\rasadhlp.dll
0x00007ffceb670000 - 0x00007ffceb6f0000 	C:\WINDOWS\System32\fwpuclnt.dll
0x00007ffcf37b0000 - 0x00007ffcf37d7000 	C:\WINDOWS\System32\bcrypt.dll
0x00007ffcf2f60000 - 0x00007ffcf2f78000 	C:\WINDOWS\SYSTEM32\CRYPTSP.dll
0x00007ffcf2670000 - 0x00007ffcf26a4000 	C:\WINDOWS\system32\rsaenh.dll
0x00007ffcf3460000 - 0x00007ffcf348e000 	C:\WINDOWS\SYSTEM32\USERENV.dll
0x00007ffcf2f50000 - 0x00007ffcf2f5c000 	C:\WINDOWS\SYSTEM32\CRYPTBASE.dll
0x00007ffcee0d0000 - 0x00007ffcee0e7000 	C:\WINDOWS\SYSTEM32\dhcpcsvc6.DLL
0x00007ffced9a0000 - 0x00007ffced9bd000 	C:\WINDOWS\SYSTEM32\dhcpcsvc.DLL
0x00007ffcd4310000 - 0x00007ffcd431e000 	C:\Users\Tobias-PC\.jdks\corretto-11.0.12\bin\sunmscapi.dll
0x00007ffcf35a0000 - 0x00007ffcf36f6000 	C:\WINDOWS\System32\CRYPT32.dll
0x00007ffcf3070000 - 0x00007ffcf3097000 	C:\WINDOWS\SYSTEM32\ncrypt.dll
0x00007ffcf3030000 - 0x00007ffcf306b000 	C:\WINDOWS\SYSTEM32\NTASN1.dll
0x00007ffcd42e0000 - 0x00007ffcd4305000 	C:\Users\Tobias-PC\.jdks\corretto-11.0.12\bin\sunec.dll

dbghelp: loaded successfully - version: 4.0.5 - missing functions: none
symbol engine: initialized successfully - sym options: 0x614 - pdb path: .;C:\Users\Tobias-PC\.jdks\corretto-11.0.12\bin;C:\WINDOWS\SYSTEM32;C:\WINDOWS\WinSxS\amd64_microsoft.windows.common-controls_6595b64144ccf1df_6.0.19041.1110_none_60b5254171f9507e;C:\Users\Tobias-PC\.jdks\corretto-11.0.12\bin\server;D:\Programme(x86)\IntelliJ IDEA Community Edition 2021.2.3\bin

VM Arguments:
jvm_args: -javaagent:D:\Programme(x86)\IntelliJ IDEA Community Edition 2021.2.3\lib\idea_rt.jar=63611:D:\Programme(x86)\IntelliJ IDEA Community Edition 2021.2.3\bin -Dfile.encoding=UTF-8 
java_command: com.hshl.messagAPI.messageAPI.MessageApiApplication
java_class_path (initial): D:\Programmier Projekte\Semester7\messageAPI\target\classes;C:\Users\Tobias-PC\.m2\repository\org\springframework\boot\spring-boot-starter-data-jpa\2.7.0\spring-boot-starter-data-jpa-2.7.0.jar;C:\Users\Tobias-PC\.m2\repository\org\springframework\boot\spring-boot-starter-aop\2.7.0\spring-boot-starter-aop-2.7.0.jar;C:\Users\Tobias-PC\.m2\repository\org\springframework\spring-aop\5.3.20\spring-aop-5.3.20.jar;C:\Users\Tobias-PC\.m2\repository\org\aspectj\aspectjweaver\1.9.7\aspectjweaver-1.9.7.jar;C:\Users\Tobias-PC\.m2\repository\org\springframework\boot\spring-boot-starter-jdbc\2.7.0\spring-boot-starter-jdbc-2.7.0.jar;C:\Users\Tobias-PC\.m2\repository\com\zaxxer\HikariCP\4.0.3\HikariCP-4.0.3.jar;C:\Users\Tobias-PC\.m2\repository\org\springframework\spring-jdbc\5.3.20\spring-jdbc-5.3.20.jar;C:\Users\Tobias-PC\.m2\repository\jakarta\transaction\jakarta.transaction-api\1.3.3\jakarta.transaction-api-1.3.3.jar;C:\Users\Tobias-PC\.m2\repository\jakarta\persistence\jakarta.persistence-api\2.2.3\jakarta.persistence-api-2.2.3.jar;C:\Users\Tobias-PC\.m2\repository\org\hibernate\hibernate-core\5.6.9.Final\hibernate-core-5.6.9.Final.jar;C:\Users\Tobias-PC\.m2\repository\org\jboss\logging\jboss-logging\3.4.3.Final\jboss-logging-3.4.3.Final.jar;C:\Users\Tobias-PC\.m2\repository\net\bytebuddy\byte-buddy\1.12.10\byte-buddy-1.12.10.jar;C:\Users\Tobias-PC\.m2\repository\antlr\antlr\2.7.7\antlr-2.7.7.jar;C:\Users\Tobias-PC\.m2\repository\org\jboss\jandex\2.4.2.Final\jandex-2.4.2.Final.jar;C:\Users\Tobias-PC\.m2\repository\com\fasterxml\classmate\1.5.1\classmate-1.5.1.jar;C:\Users\Tobias-PC\.m2\repository\org\hibernate\common\hibernate-commons-annotations\5.1.2.Final\hibernate-commons-annotations-5.1.2.Final.jar;C:\Users\Tobias-PC\.m2\repository\org\glassfish\jaxb\jaxb-runtime\2.3.6\jaxb-runtime-2.3.6.jar;C:\Users\Tobias-PC\.m2\repository\org\glassfish\jaxb\txw2\2.3.6\txw2-2.3.6.jar;C:\Users\Tobias-PC\.m2\repository\com\sun\istack\istack-commons-runtime\3.0.
Launcher Type: SUN_STANDARD

[Global flags]
     intx CICompilerCount                          = 12                                        {product} {ergonomic}
     uint ConcGCThreads                            = 5                                         {product} {ergonomic}
     uint G1ConcRefinementThreads                  = 18                                        {product} {ergonomic}
   size_t G1HeapRegionSize                         = 1048576                                   {product} {ergonomic}
    uintx GCDrainStackTargetSize                   = 64                                        {product} {ergonomic}
   size_t InitialHeapSize                          = 268435456                                 {product} {ergonomic}
   size_t MarkStackSize                            = 4194304                                   {product} {ergonomic}
   size_t MaxHeapSize                              = 4276092928                                {product} {ergonomic}
   size_t MaxNewSize                               = 2564816896                                {product} {ergonomic}
   size_t MinHeapDeltaBytes                        = 1048576                                   {product} {ergonomic}
    uintx NonNMethodCodeHeapSize                   = 7594288                                {pd product} {ergonomic}
    uintx NonProfiledCodeHeapSize                  = 122031976                              {pd product} {ergonomic}
    uintx ProfiledCodeHeapSize                     = 122031976                              {pd product} {ergonomic}
    uintx ReservedCodeCacheSize                    = 251658240                              {pd product} {ergonomic}
     bool SegmentedCodeCache                       = true                                      {product} {ergonomic}
     bool UseCompressedClassPointers               = true                                 {lp64_product} {ergonomic}
     bool UseCompressedOops                        = true                                 {lp64_product} {ergonomic}
     bool UseG1GC                                  = true                                      {product} {ergonomic}
     bool UseLargePagesIndividualAllocation        = false                                  {pd product} {ergonomic}

Logging:
Log output configuration:
 #0: stdout all=warning uptime,level,tags
 #1: stderr all=off uptime,level,tags

Environment Variables:
JAVA_HOME=C:\Users\Tobias-PC\.jdks\jdk-11
PATH=D:\SDKs\Python\Scripts\;D:\SDKs\Python\;C:\Windows\system32;C:\Windows;C:\Windows\System32\Wbem;C:\Windows\System32\WindowsPowerShell\v1.0\;C:\Windows\System32\OpenSSH\;C:\Program Files\NVIDIA Corporation\NVIDIA NvDLISR;C:\Program Files (x86)\NVIDIA Corporation\PhysX\Common;D:\Programme(x86)\Gpg4win\..\GnuPG\bin;C:\Program Files\nodejs\;C:\Program Files\Git\cmd;C:\WINDOWS\system32;C:\WINDOWS;C:\WINDOWS\System32\Wbem;C:\WINDOWS\System32\WindowsPowerShell\v1.0\;C:\WINDOWS\System32\OpenSSH\;C:\Program Files\dotnet\;C:\Program Files\Microsoft SQL Server\130\Tools\Binn\;D:\SDKs\google-cloud-sdk\bin;C:\Users\Tobias-PC\AppData\Local\Microsoft\WindowsApps;C:\Users\Tobias-PC\AppData\Local\GitHubDesktop\bin;C:\Users\Tobias-PC\AppData\Local\Programs\Microsoft VS Code\bin;C:\Users\Tobias-PC\AppData\Roaming\npm;C:\Users\Tobias-PC\AppData\Local\Microsoft\WindowsApps;C:\Users\Tobias-PC\.jdks\jdk-11\bin;D:\SDKs\apache-maven-3.8.3\bin;C:\Users\Tobias-PC\.dotnet\tools;C:\Users\Tobias-PC\.dotnet\tools
USERNAME=Tobias-PC
OS=Windows_NT
PROCESSOR_IDENTIFIER=AMD64 Family 23 Model 113 Stepping 0, AuthenticAMD



---------------  S Y S T E M  ---------------

OS: Windows 10 , 64 bit Build 19041 (10.0.19041.1706)
OS uptime: 0 days 3:49 hours

CPU:total 24 (initial active 24) (24 cores per cpu, 2 threads per core) family 23 model 113 stepping 0 microcode 0x0, cmov, cx8, fxsr, mmx, sse, sse2, sse3, ssse3, sse4.1, sse4.2, popcnt, avx, avx2, aes, clmul, mmxext, 3dnowpref, lzcnt, sse4a, ht, tsc, tscinvbit, tscinv, bmi1, bmi2, adx, sha, fma

Memory: 4k page, system-wide physical 16305M (2334M free)
TotalPageFile size 25455M (AvailPageFile size 7M)
current process WorkingSet (physical memory assigned to process): 433M, peak: 442M
current process commit charge ("private bytes"): 667M, peak: 673M

vm_info: OpenJDK 64-Bit Server VM (11.0.12+7-LTS) for windows-amd64 JRE (11.0.12+7-LTS), built on Jul 13 2021 17:58:36 by "Administrator" with unknown MS VC++:1916

END.
